# JRE version: OpenJDK Runtime Environment (8.0_242-b01) (build 1.8.0_242-release-1644-b01)
# Java VM: OpenJDK 64-Bit Server VM (25.242-b01 mixed mode windows-amd64 compressed oops)
Heap:
 PSYoungGen      total 332800K, used 74885K [0x00000000d5580000, 0x00000000f0500000, 0x0000000100000000)
  eden space 259072K, 25% used [0x00000000d5580000,0x00000000d95802f8,0x00000000e5280000)
  from space 73728K, 12% used [0x00000000e5280000,0x00000000e5ba12f0,0x00000000e9a80000)
  to   space 71680K, 0% used [0x00000000ebf00000,0x00000000ebf00000,0x00000000f0500000)
 ParOldGen       total 206336K, used 84621K [0x0000000080000000, 0x000000008c980000, 0x00000000d5580000)
  object space 206336K, 41% used [0x0000000080000000,0x00000000852a3740,0x000000008c980000)
 Metaspace       used 94041K, capacity 98716K, committed 99416K, reserved 1134592K
  class space    used 12324K, capacity 13228K, committed 13440K, reserved 1048576K
GC Heap History (10 events):
Event: 194.637 GC heap before
{Heap before GC invocations=26 (full 4):
 PSYoungGen      total 267264K, used 50668K [0x00000000d5580000, 0x00000000ebc80000, 0x0000000100000000)
  eden space 216576K, 0% used [0x00000000d5580000,0x00000000d5580000,0x00000000e2900000)
  from space 50688K, 99% used [0x00000000e6880000,0x00000000e99fb298,0x00000000e9a00000)
  to   space 65024K, 0% used [0x00000000e2900000,0x00000000e2900000,0x00000000e6880000)
 ParOldGen       total 98304K, used 91672K [0x0000000080000000, 0x0000000086000000, 0x00000000d5580000)
  object space 98304K, 93% used [0x0000000080000000,0x0000000085986060,0x0000000086000000)
 Metaspace       used 88877K, capacity 93914K, committed 94168K, reserved 1130496K
  class space    used 12074K, capacity 13031K, committed 13056K, reserved 1048576K
Event: 199.580 GC heap after
Heap after GC invocations=26 (full 4):
 PSYoungGen      total 267264K, used 18992K [0x00000000d5580000, 0x00000000ebc80000, 0x0000000100000000)
  eden space 216576K, 0% used [0x00000000d5580000,0x00000000d5580000,0x00000000e2900000)
  from space 50688K, 37% used [0x00000000e6880000,0x00000000e7b0c328,0x00000000e9a00000)
  to   space 65024K, 0% used [0x00000000e2900000,0x00000000e2900000,0x00000000e6880000)
 ParOldGen       total 186368K, used 98188K [0x0000000080000000, 0x000000008b600000, 0x00000000d5580000)
  object space 186368K, 52% used [0x0000000080000000,0x0000000085fe32e0,0x000000008b600000)
 Metaspace       used 88427K, capacity 92764K, committed 94168K, reserved 1130496K
  class space    used 11916K, capacity 12750K, committed 13056K, reserved 1048576K
}
Event: 204.821 GC heap before
{Heap before GC invocations=27 (full 4):
 PSYoungGen      total 267264K, used 235568K [0x00000000d5580000, 0x00000000ebc80000, 0x0000000100000000)
  eden space 216576K, 100% used [0x00000000d5580000,0x00000000e2900000,0x00000000e2900000)
  from space 50688K, 37% used [0x00000000e6880000,0x00000000e7b0c328,0x00000000e9a00000)
  to   space 65024K, 0% used [0x00000000e2900000,0x00000000e2900000,0x00000000e6880000)
 ParOldGen       total 186368K, used 98188K [0x0000000080000000, 0x000000008b600000, 0x00000000d5580000)
  object space 186368K, 52% used [0x0000000080000000,0x0000000085fe32e0,0x000000008b600000)
 Metaspace       used 88766K, capacity 93160K, committed 94424K, reserved 1130496K
  class space    used 11924K, capacity 12760K, committed 13056K, reserved 1048576K
Event: 205.494 GC heap after
Heap after GC invocations=27 (full 4):
 PSYoungGen      total 281600K, used 65010K [0x00000000d5580000, 0x00000000eed80000, 0x0000000100000000)
  eden space 216576K, 0% used [0x00000000d5580000,0x00000000d5580000,0x00000000e2900000)
  from space 65024K, 99% used [0x00000000e2900000,0x00000000e687cb50,0x00000000e6880000)
  to   space 76288K, 0% used [0x00000000ea300000,0x00000000ea300000,0x00000000eed80000)
 ParOldGen       total 186368K, used 124542K [0x0000000080000000, 0x000000008b600000, 0x00000000d5580000)
  object space 186368K, 66% used [0x0000000080000000,0x000000008799f870,0x000000008b600000)
 Metaspace       used 88766K, capacity 93160K, committed 94424K, reserved 1130496K
  class space    used 11924K, capacity 12760K, committed 13056K, reserved 1048576K
}
Event: 763.298 GC heap before
{Heap before GC invocations=28 (full 4):
 PSYoungGen      total 281600K, used 281586K [0x00000000d5580000, 0x00000000eed80000, 0x0000000100000000)
  eden space 216576K, 100% used [0x00000000d5580000,0x00000000e2900000,0x00000000e2900000)
  from space 65024K, 99% used [0x00000000e2900000,0x00000000e687cb50,0x00000000e6880000)
  to   space 76288K, 0% used [0x00000000ea300000,0x00000000ea300000,0x00000000eed80000)
 ParOldGen       total 186368K, used 124542K [0x0000000080000000, 0x000000008b600000, 0x00000000d5580000)
  object space 186368K, 66% used [0x0000000080000000,0x000000008799f870,0x000000008b600000)
 Metaspace       used 93376K, capacity 97990K, committed 98904K, reserved 1134592K
  class space    used 12313K, capacity 13211K, committed 13440K, reserved 1048576K
Event: 764.090 GC heap after
Heap after GC invocations=28 (full 4):
 PSYoungGen      total 324096K, used 14193K [0x00000000d5580000, 0x00000000ee280000, 0x0000000100000000)
  eden space 259072K, 0% used [0x00000000d5580000,0x00000000d5580000,0x00000000e5280000)
  from space 65024K, 21% used [0x00000000ea300000,0x00000000eb0dc6e8,0x00000000ee280000)
  to   space 73728K, 0% used [0x00000000e5280000,0x00000000e5280000,0x00000000e9a80000)
 ParOldGen       total 186368K, used 177146K [0x0000000080000000, 0x000000008b600000, 0x00000000d5580000)
  object space 186368K, 95% used [0x0000000080000000,0x000000008acfebd8,0x000000008b600000)
 Metaspace       used 93376K, capacity 97990K, committed 98904K, reserved 1134592K
  class space    used 12313K, capacity 13211K, committed 13440K, reserved 1048576K
}
Event: 764.093 GC heap before
{Heap before GC invocations=29 (full 5):
 PSYoungGen      total 324096K, used 14193K [0x00000000d5580000, 0x00000000ee280000, 0x0000000100000000)
  eden space 259072K, 0% used [0x00000000d5580000,0x00000000d5580000,0x00000000e5280000)
  from space 65024K, 21% used [0x00000000ea300000,0x00000000eb0dc6e8,0x00000000ee280000)
  to   space 73728K, 0% used [0x00000000e5280000,0x00000000e5280000,0x00000000e9a80000)
 ParOldGen       total 186368K, used 177146K [0x0000000080000000, 0x000000008b600000, 0x00000000d5580000)
  object space 186368K, 95% used [0x0000000080000000,0x000000008acfebd8,0x000000008b600000)
 Metaspace       used 93376K, capacity 97990K, committed 98904K, reserved 1134592K
  class space    used 12313K, capacity 13211K, committed 13440K, reserved 1048576K
Event: 766.617 GC heap after
Heap after GC invocations=29 (full 5):
 PSYoungGen      total 324096K, used 0K [0x00000000d5580000, 0x00000000ee280000, 0x0000000100000000)
  eden space 259072K, 0% used [0x00000000d5580000,0x00000000d5580000,0x00000000e5280000)
  from space 65024K, 0% used [0x00000000ea300000,0x00000000ea300000,0x00000000ee280000)
  to   space 73728K, 0% used [0x00000000e5280000,0x00000000e5280000,0x00000000e9a80000)
 ParOldGen       total 206336K, used 84613K [0x0000000080000000, 0x000000008c980000, 0x00000000d5580000)
  object space 206336K, 41% used [0x0000000080000000,0x00000000852a1740,0x000000008c980000)
 Metaspace       used 93376K, capacity 97990K, committed 98904K, reserved 1134592K
  class space    used 12313K, capacity 13211K, committed 13440K, reserved 1048576K
}
Event: 808.892 GC heap before
{Heap before GC invocations=30 (full 5):
 PSYoungGen      total 324096K, used 259072K [0x00000000d5580000, 0x00000000ee280000, 0x0000000100000000)
  eden space 259072K, 100% used [0x00000000d5580000,0x00000000e5280000,0x00000000e5280000)
  from space 65024K, 0% used [0x00000000ea300000,0x00000000ea300000,0x00000000ee280000)
  to   space 73728K, 0% used [0x00000000e5280000,0x00000000e5280000,0x00000000e9a80000)
 ParOldGen       total 206336K, used 84613K [0x0000000080000000, 0x000000008c980000, 0x00000000d5580000)
  object space 206336K, 41% used [0x0000000080000000,0x00000000852a1740,0x000000008c980000)
 Metaspace       used 93983K, capacity 98652K, committed 99416K, reserved 1134592K
  class space    used 12324K, capacity 13228K, committed 13440K, reserved 1048576K
Event: 809.361 GC heap after
Heap after GC invocations=30 (full 5):
 PSYoungGen      total 332800K, used 9348K [0x00000000d5580000, 0x00000000f0500000, 0x0000000100000000)
  eden space 259072K, 0% used [0x00000000d5580000,0x00000000d5580000,0x00000000e5280000)
  from space 73728K, 12% used [0x00000000e5280000,0x00000000e5ba12f0,0x00000000e9a80000)
  to   space 71680K, 0% used [0x00000000ebf00000,0x00000000ebf00000,0x00000000f0500000)
 ParOldGen       total 206336K, used 84621K [0x0000000080000000, 0x000000008c980000, 0x00000000d5580000)
  object space 206336K, 41% used [0x0000000080000000,0x00000000852a3740,0x000000008c980000)
 Metaspace       used 93983K, capacity 98652K, committed 99416K, reserved 1134592K
  class space    used 12324K, capacity 13228K, committed 13440K, reserved 1048576K
}

