# JRE version: OpenJDK Runtime Environment (8.0_242-b01) (build 1.8.0_242-release-1644-b01)
# Java VM: OpenJDK 64-Bit Server VM (25.242-b01 mixed mode windows-amd64 compressed oops)
Heap:
 PSYoungGen      total 177152K, used 158510K [0x00000000d5580000, 0x00000000e1080000, 0x0000000100000000)
  eden space 165888K, 95% used [0x00000000d5580000,0x00000000df04bb48,0x00000000df780000)
  from space 11264K, 0% used [0x00000000e0580000,0x00000000e0580000,0x00000000e1080000)
  to   space 12800K, 0% used [0x00000000df780000,0x00000000df780000,0x00000000e0400000)
 ParOldGen       total 53760K, used 14601K [0x0000000080000000, 0x0000000083480000, 0x00000000d5580000)
  object space 53760K, 27% used [0x0000000080000000,0x0000000080e42770,0x0000000083480000)
 Metaspace       used 41297K, capacity 43080K, committed 43352K, reserved 1087488K
  class space    used 5641K, capacity 6012K, committed 6016K, reserved 1048576K
GC Heap History (10 events):
Event: 7.265 GC heap before
{Heap before GC invocations=8 (full 0):
 PSYoungGen      total 71680K, used 10977K [0x00000000d5580000, 0x00000000de680000, 0x0000000100000000)
  eden space 64512K, 5% used [0x00000000d5580000,0x00000000d593ba48,0x00000000d9480000)
  from space 7168K, 99% used [0x00000000d9480000,0x00000000d9b7cb78,0x00000000d9b80000)
  to   space 9728K, 0% used [0x00000000ddd00000,0x00000000ddd00000,0x00000000de680000)
 ParOldGen       total 44032K, used 7978K [0x0000000080000000, 0x0000000082b00000, 0x00000000d5580000)
  object space 44032K, 18% used [0x0000000080000000,0x00000000807cab18,0x0000000082b00000)
 Metaspace       used 20485K, capacity 21204K, committed 21248K, reserved 1067008K
  class space    used 2857K, capacity 3048K, committed 3072K, reserved 1048576K
Event: 7.278 GC heap after
Heap after GC invocations=8 (full 0):
 PSYoungGen      total 137728K, used 3636K [0x00000000d5580000, 0x00000000de580000, 0x0000000100000000)
  eden space 129024K, 0% used [0x00000000d5580000,0x00000000d5580000,0x00000000dd380000)
  from space 8704K, 41% used [0x00000000ddd00000,0x00000000de08d040,0x00000000de580000)
  to   space 9216K, 0% used [0x00000000dd380000,0x00000000dd380000,0x00000000ddc80000)
 ParOldGen       total 44032K, used 8434K [0x0000000080000000, 0x0000000082b00000, 0x00000000d5580000)
  object space 44032K, 19% used [0x0000000080000000,0x000000008083cb18,0x0000000082b00000)
 Metaspace       used 20485K, capacity 21204K, committed 21248K, reserved 1067008K
  class space    used 2857K, capacity 3048K, committed 3072K, reserved 1048576K
}
Event: 7.278 GC heap before
{Heap before GC invocations=9 (full 1):
 PSYoungGen      total 137728K, used 3636K [0x00000000d5580000, 0x00000000de580000, 0x0000000100000000)
  eden space 129024K, 0% used [0x00000000d5580000,0x00000000d5580000,0x00000000dd380000)
  from space 8704K, 41% used [0x00000000ddd00000,0x00000000de08d040,0x00000000de580000)
  to   space 9216K, 0% used [0x00000000dd380000,0x00000000dd380000,0x00000000ddc80000)
 ParOldGen       total 44032K, used 8434K [0x0000000080000000, 0x0000000082b00000, 0x00000000d5580000)
  object space 44032K, 19% used [0x0000000080000000,0x000000008083cb18,0x0000000082b00000)
 Metaspace       used 20485K, capacity 21204K, committed 21248K, reserved 1067008K
  class space    used 2857K, capacity 3048K, committed 3072K, reserved 1048576K
Event: 7.440 GC heap after
Heap after GC invocations=9 (full 1):
 PSYoungGen      total 137728K, used 0K [0x00000000d5580000, 0x00000000de580000, 0x0000000100000000)
  eden space 129024K, 0% used [0x00000000d5580000,0x00000000d5580000,0x00000000dd380000)
  from space 8704K, 0% used [0x00000000ddd00000,0x00000000ddd00000,0x00000000de580000)
  to   space 9216K, 0% used [0x00000000dd380000,0x00000000dd380000,0x00000000ddc80000)
 ParOldGen       total 34816K, used 6713K [0x0000000080000000, 0x0000000082200000, 0x00000000d5580000)
  object space 34816K, 19% used [0x0000000080000000,0x000000008068e790,0x0000000082200000)
 Metaspace       used 20485K, capacity 21204K, committed 21248K, reserved 1067008K
  class space    used 2857K, capacity 3048K, committed 3072K, reserved 1048576K
}
Event: 18.750 GC heap before
{Heap before GC invocations=10 (full 1):
 PSYoungGen      total 137728K, used 129024K [0x00000000d5580000, 0x00000000de580000, 0x0000000100000000)
  eden space 129024K, 100% used [0x00000000d5580000,0x00000000dd380000,0x00000000dd380000)
  from space 8704K, 0% used [0x00000000ddd00000,0x00000000ddd00000,0x00000000de580000)
  to   space 9216K, 0% used [0x00000000dd380000,0x00000000dd380000,0x00000000ddc80000)
 ParOldGen       total 34816K, used 6713K [0x0000000080000000, 0x0000000082200000, 0x00000000d5580000)
  object space 34816K, 19% used [0x0000000080000000,0x000000008068e790,0x0000000082200000)
 Metaspace       used 32686K, capacity 33686K, committed 33920K, reserved 1079296K
  class space    used 4445K, capacity 4691K, committed 4736K, reserved 1048576K
Event: 18.770 GC heap after
Heap after GC invocations=10 (full 1):
 PSYoungGen      total 138240K, used 9213K [0x00000000d5580000, 0x00000000e1200000, 0x0000000100000000)
  eden space 129024K, 0% used [0x00000000d5580000,0x00000000d5580000,0x00000000dd380000)
  from space 9216K, 99% used [0x00000000dd380000,0x00000000ddc7f4a0,0x00000000ddc80000)
  to   space 12800K, 0% used [0x00000000e0580000,0x00000000e0580000,0x00000000e1200000)
 ParOldGen       total 34816K, used 11353K [0x0000000080000000, 0x0000000082200000, 0x00000000d5580000)
  object space 34816K, 32% used [0x0000000080000000,0x0000000080b167e8,0x0000000082200000)
 Metaspace       used 32686K, capacity 33686K, committed 33920K, reserved 1079296K
  class space    used 4445K, capacity 4691K, committed 4736K, reserved 1048576K
}
Event: 20.183 GC heap before
{Heap before GC invocations=11 (full 1):
 PSYoungGen      total 138240K, used 41058K [0x00000000d5580000, 0x00000000e1200000, 0x0000000100000000)
  eden space 129024K, 24% used [0x00000000d5580000,0x00000000d7499478,0x00000000dd380000)
  from space 9216K, 99% used [0x00000000dd380000,0x00000000ddc7f4a0,0x00000000ddc80000)
  to   space 12800K, 0% used [0x00000000e0580000,0x00000000e0580000,0x00000000e1200000)
 ParOldGen       total 34816K, used 11353K [0x0000000080000000, 0x0000000082200000, 0x00000000d5580000)
  object space 34816K, 32% used [0x0000000080000000,0x0000000080b167e8,0x0000000082200000)
 Metaspace       used 34211K, capacity 35392K, committed 35416K, reserved 1079296K
  class space    used 4701K, capacity 4973K, committed 4992K, reserved 1048576K
Event: 20.202 GC heap after
Heap after GC invocations=11 (full 1):
 PSYoungGen      total 177152K, used 8137K [0x00000000d5580000, 0x00000000e1080000, 0x0000000100000000)
  eden space 165888K, 0% used [0x00000000d5580000,0x00000000d5580000,0x00000000df780000)
  from space 11264K, 72% used [0x00000000e0580000,0x00000000e0d72400,0x00000000e1080000)
  to   space 12800K, 0% used [0x00000000df780000,0x00000000df780000,0x00000000e0400000)
 ParOldGen       total 34816K, used 11361K [0x0000000080000000, 0x0000000082200000, 0x00000000d5580000)
  object space 34816K, 32% used [0x0000000080000000,0x0000000080b187e8,0x0000000082200000)
 Metaspace       used 34211K, capacity 35392K, committed 35416K, reserved 1079296K
  class space    used 4701K, capacity 4973K, committed 4992K, reserved 1048576K
}
Event: 20.202 GC heap before
{Heap before GC invocations=12 (full 2):
 PSYoungGen      total 177152K, used 8137K [0x00000000d5580000, 0x00000000e1080000, 0x0000000100000000)
  eden space 165888K, 0% used [0x00000000d5580000,0x00000000d5580000,0x00000000df780000)
  from space 11264K, 72% used [0x00000000e0580000,0x00000000e0d72400,0x00000000e1080000)
  to   space 12800K, 0% used [0x00000000df780000,0x00000000df780000,0x00000000e0400000)
 ParOldGen       total 34816K, used 11361K [0x0000000080000000, 0x0000000082200000, 0x00000000d5580000)
  object space 34816K, 32% used [0x0000000080000000,0x0000000080b187e8,0x0000000082200000)
 Metaspace       used 34211K, capacity 35392K, committed 35416K, reserved 1079296K
  class space    used 4701K, capacity 4973K, committed 4992K, reserved 1048576K
Event: 20.275 GC heap after
Heap after GC invocations=12 (full 2):
 PSYoungGen      total 177152K, used 0K [0x00000000d5580000, 0x00000000e1080000, 0x0000000100000000)
  eden space 165888K, 0% used [0x00000000d5580000,0x00000000d5580000,0x00000000df780000)
  from space 11264K, 0% used [0x00000000e0580000,0x00000000e0580000,0x00000000e1080000)
  to   space 12800K, 0% used [0x00000000df780000,0x00000000df780000,0x00000000e0400000)
 ParOldGen       total 53760K, used 14601K [0x0000000080000000, 0x0000000083480000, 0x00000000d5580000)
  object space 53760K, 27% used [0x0000000080000000,0x0000000080e42770,0x0000000083480000)
 Metaspace       used 34211K, capacity 35392K, committed 35416K, reserved 1079296K
  class space    used 4701K, capacity 4973K, committed 4992K, reserved 1048576K
}

