# JRE version: OpenJDK Runtime Environment (8.0_242-b01) (build 1.8.0_242-release-1644-b01)
# Java VM: OpenJDK 64-Bit Server VM (25.242-b01 mixed mode windows-amd64 compressed oops)
Heap:
 PSYoungGen      total 41984K, used 31518K [0x00000000d5580000, 0x00000000d8680000, 0x0000000100000000)
  eden space 34816K, 81% used [0x00000000d5580000,0x00000000d711f860,0x00000000d7780000)
  from space 7168K, 45% used [0x00000000d7f80000,0x00000000d82a8030,0x00000000d8680000)
  to   space 7680K, 0% used [0x00000000d7780000,0x00000000d7780000,0x00000000d7f00000)
 ParOldGen       total 47616K, used 13612K [0x0000000080000000, 0x0000000082e80000, 0x00000000d5580000)
  object space 47616K, 28% used [0x0000000080000000,0x0000000080d4b388,0x0000000082e80000)
 Metaspace       used 37887K, capacity 39526K, committed 39640K, reserved 1083392K
  class space    used 5218K, capacity 5545K, committed 5632K, reserved 1048576K
GC Heap History (10 events):
Event: 36.030 GC heap before
{Heap before GC invocations=22 (full 1):
 PSYoungGen      total 30208K, used 28930K [0x00000000d5580000, 0x00000000d7b80000, 0x0000000100000000)
  eden space 23040K, 100% used [0x00000000d5580000,0x00000000d6c00000,0x00000000d6c00000)
  from space 7168K, 82% used [0x00000000d7380000,0x00000000d7940ae8,0x00000000d7a80000)
  to   space 7680K, 0% used [0x00000000d6c00000,0x00000000d6c00000,0x00000000d7380000)
 ParOldGen       total 32256K, used 7632K [0x0000000080000000, 0x0000000081f80000, 0x00000000d5580000)
  object space 32256K, 23% used [0x0000000080000000,0x0000000080774110,0x0000000081f80000)
 Metaspace       used 33839K, capacity 34984K, committed 35200K, reserved 1079296K
  class space    used 4626K, capacity 4865K, committed 4992K, reserved 1048576K
Event: 36.041 GC heap after
Heap after GC invocations=22 (full 1):
 PSYoungGen      total 30720K, used 6582K [0x00000000d5580000, 0x00000000d8100000, 0x0000000100000000)
  eden space 23040K, 0% used [0x00000000d5580000,0x00000000d5580000,0x00000000d6c00000)
  from space 7680K, 85% used [0x00000000d6c00000,0x00000000d726d968,0x00000000d7380000)
  to   space 8192K, 0% used [0x00000000d7900000,0x00000000d7900000,0x00000000d8100000)
 ParOldGen       total 32256K, used 7999K [0x0000000080000000, 0x0000000081f80000, 0x00000000d5580000)
  object space 32256K, 24% used [0x0000000080000000,0x00000000807cfec0,0x0000000081f80000)
 Metaspace       used 33839K, capacity 34984K, committed 35200K, reserved 1079296K
  class space    used 4626K, capacity 4865K, committed 4992K, reserved 1048576K
}
Event: 36.354 GC heap before
{Heap before GC invocations=23 (full 1):
 PSYoungGen      total 30720K, used 15195K [0x00000000d5580000, 0x00000000d8100000, 0x0000000100000000)
  eden space 23040K, 37% used [0x00000000d5580000,0x00000000d5de95c0,0x00000000d6c00000)
  from space 7680K, 85% used [0x00000000d6c00000,0x00000000d726d968,0x00000000d7380000)
  to   space 8192K, 0% used [0x00000000d7900000,0x00000000d7900000,0x00000000d8100000)
 ParOldGen       total 32256K, used 7999K [0x0000000080000000, 0x0000000081f80000, 0x00000000d5580000)
  object space 32256K, 24% used [0x0000000080000000,0x00000000807cfec0,0x0000000081f80000)
 Metaspace       used 34223K, capacity 35392K, committed 35416K, reserved 1079296K
  class space    used 4700K, capacity 4973K, committed 4992K, reserved 1048576K
Event: 36.368 GC heap after
Heap after GC invocations=23 (full 1):
 PSYoungGen      total 36352K, used 2880K [0x00000000d5580000, 0x00000000d8300000, 0x0000000100000000)
  eden space 28160K, 0% used [0x00000000d5580000,0x00000000d5580000,0x00000000d7100000)
  from space 8192K, 35% used [0x00000000d7900000,0x00000000d7bd01e0,0x00000000d8100000)
  to   space 8192K, 0% used [0x00000000d7100000,0x00000000d7100000,0x00000000d7900000)
 ParOldGen       total 32256K, used 11335K [0x0000000080000000, 0x0000000081f80000, 0x00000000d5580000)
  object space 32256K, 35% used [0x0000000080000000,0x0000000080b11df0,0x0000000081f80000)
 Metaspace       used 34223K, capacity 35392K, committed 35416K, reserved 1079296K
  class space    used 4700K, capacity 4973K, committed 4992K, reserved 1048576K
}
Event: 36.368 GC heap before
{Heap before GC invocations=24 (full 2):
 PSYoungGen      total 36352K, used 2880K [0x00000000d5580000, 0x00000000d8300000, 0x0000000100000000)
  eden space 28160K, 0% used [0x00000000d5580000,0x00000000d5580000,0x00000000d7100000)
  from space 8192K, 35% used [0x00000000d7900000,0x00000000d7bd01e0,0x00000000d8100000)
  to   space 8192K, 0% used [0x00000000d7100000,0x00000000d7100000,0x00000000d7900000)
 ParOldGen       total 32256K, used 11335K [0x0000000080000000, 0x0000000081f80000, 0x00000000d5580000)
  object space 32256K, 35% used [0x0000000080000000,0x0000000080b11df0,0x0000000081f80000)
 Metaspace       used 34223K, capacity 35392K, committed 35416K, reserved 1079296K
  class space    used 4700K, capacity 4973K, committed 4992K, reserved 1048576K
Event: 36.515 GC heap after
Heap after GC invocations=24 (full 2):
 PSYoungGen      total 36352K, used 0K [0x00000000d5580000, 0x00000000d8300000, 0x0000000100000000)
  eden space 28160K, 0% used [0x00000000d5580000,0x00000000d5580000,0x00000000d7100000)
  from space 8192K, 0% used [0x00000000d7900000,0x00000000d7900000,0x00000000d8100000)
  to   space 8192K, 0% used [0x00000000d7100000,0x00000000d7100000,0x00000000d7900000)
 ParOldGen       total 47616K, used 13596K [0x0000000080000000, 0x0000000082e80000, 0x00000000d5580000)
  object space 47616K, 28% used [0x0000000080000000,0x0000000080d47388,0x0000000082e80000)
 Metaspace       used 34223K, capacity 35392K, committed 35416K, reserved 1079296K
  class space    used 4700K, capacity 4973K, committed 4992K, reserved 1048576K
}
Event: 41.166 GC heap before
{Heap before GC invocations=25 (full 2):
 PSYoungGen      total 36352K, used 28160K [0x00000000d5580000, 0x00000000d8300000, 0x0000000100000000)
  eden space 28160K, 100% used [0x00000000d5580000,0x00000000d7100000,0x00000000d7100000)
  from space 8192K, 0% used [0x00000000d7900000,0x00000000d7900000,0x00000000d8100000)
  to   space 8192K, 0% used [0x00000000d7100000,0x00000000d7100000,0x00000000d7900000)
 ParOldGen       total 47616K, used 13596K [0x0000000080000000, 0x0000000082e80000, 0x00000000d5580000)
  object space 47616K, 28% used [0x0000000080000000,0x0000000080d47388,0x0000000082e80000)
 Metaspace       used 35629K, capacity 36862K, committed 36952K, reserved 1081344K
  class space    used 4889K, capacity 5174K, committed 5248K, reserved 1048576K
Event: 41.169 GC heap after
Heap after GC invocations=25 (full 2):
 PSYoungGen      total 36352K, used 2327K [0x00000000d5580000, 0x00000000d8700000, 0x0000000100000000)
  eden space 28160K, 0% used [0x00000000d5580000,0x00000000d5580000,0x00000000d7100000)
  from space 8192K, 28% used [0x00000000d7100000,0x00000000d7345de8,0x00000000d7900000)
  to   space 7680K, 0% used [0x00000000d7f80000,0x00000000d7f80000,0x00000000d8700000)
 ParOldGen       total 47616K, used 13604K [0x0000000080000000, 0x0000000082e80000, 0x00000000d5580000)
  object space 47616K, 28% used [0x0000000080000000,0x0000000080d49388,0x0000000082e80000)
 Metaspace       used 35629K, capacity 36862K, committed 36952K, reserved 1081344K
  class space    used 4889K, capacity 5174K, committed 5248K, reserved 1048576K
}
Event: 61.817 GC heap before
{Heap before GC invocations=26 (full 2):
 PSYoungGen      total 36352K, used 30487K [0x00000000d5580000, 0x00000000d8700000, 0x0000000100000000)
  eden space 28160K, 100% used [0x00000000d5580000,0x00000000d7100000,0x00000000d7100000)
  from space 8192K, 28% used [0x00000000d7100000,0x00000000d7345de8,0x00000000d7900000)
  to   space 7680K, 0% used [0x00000000d7f80000,0x00000000d7f80000,0x00000000d8700000)
 ParOldGen       total 47616K, used 13604K [0x0000000080000000, 0x0000000082e80000, 0x00000000d5580000)
  object space 47616K, 28% used [0x0000000080000000,0x0000000080d49388,0x0000000082e80000)
 Metaspace       used 36389K, capacity 37908K, committed 38104K, reserved 1081344K
  class space    used 4986K, capacity 5325K, committed 5376K, reserved 1048576K
Event: 61.823 GC heap after
Heap after GC invocations=26 (full 2):
 PSYoungGen      total 41984K, used 3232K [0x00000000d5580000, 0x00000000d8680000, 0x0000000100000000)
  eden space 34816K, 0% used [0x00000000d5580000,0x00000000d5580000,0x00000000d7780000)
  from space 7168K, 45% used [0x00000000d7f80000,0x00000000d82a8030,0x00000000d8680000)
  to   space 7680K, 0% used [0x00000000d7780000,0x00000000d7780000,0x00000000d7f00000)
 ParOldGen       total 47616K, used 13612K [0x0000000080000000, 0x0000000082e80000, 0x00000000d5580000)
  object space 47616K, 28% used [0x0000000080000000,0x0000000080d4b388,0x0000000082e80000)
 Metaspace       used 36389K, capacity 37908K, committed 38104K, reserved 1081344K
  class space    used 4986K, capacity 5325K, committed 5376K, reserved 1048576K
}

