# JRE version: OpenJDK Runtime Environment (8.0_242-b01) (build 1.8.0_242-release-1644-b01)
# Java VM: OpenJDK 64-Bit Server VM (25.242-b01 mixed mode windows-amd64 compressed oops)
Heap:
 PSYoungGen      total 93184K, used 49751K [0x00000000d5580000, 0x00000000dc280000, 0x0000000100000000)
  eden space 82944K, 48% used [0x00000000d5580000,0x00000000d7c744a8,0x00000000da680000)
  from space 10240K, 96% used [0x00000000db200000,0x00000000dbba1998,0x00000000dbc00000)
  to   space 11776K, 0% used [0x00000000da680000,0x00000000da680000,0x00000000db200000)
 ParOldGen       total 49152K, used 24233K [0x0000000080000000, 0x0000000083000000, 0x00000000d5580000)
  object space 49152K, 49% used [0x0000000080000000,0x00000000817aa538,0x0000000083000000)
 Metaspace       used 51450K, capacity 53458K, committed 53592K, reserved 1095680K
  class space    used 6874K, capacity 7292K, committed 7296K, reserved 1048576K
GC Heap History (10 events):
Event: 29.557 GC heap before
{Heap before GC invocations=16 (full 1):
 PSYoungGen      total 64000K, used 19412K [0x00000000d5580000, 0x00000000d9c80000, 0x0000000100000000)
  eden space 56320K, 28% used [0x00000000d5580000,0x00000000d6521080,0x00000000d8c80000)
  from space 7680K, 44% used [0x00000000d9380000,0x00000000d96d4328,0x00000000d9b00000)
  to   space 7168K, 0% used [0x00000000d8c80000,0x00000000d8c80000,0x00000000d9380000)
 ParOldGen       total 30720K, used 11530K [0x0000000080000000, 0x0000000081e00000, 0x00000000d5580000)
  object space 30720K, 37% used [0x0000000080000000,0x0000000080b42b50,0x0000000081e00000)
 Metaspace       used 34215K, capacity 35392K, committed 35416K, reserved 1079296K
  class space    used 4700K, capacity 4973K, committed 4992K, reserved 1048576K
Event: 29.564 GC heap after
Heap after GC invocations=16 (full 1):
 PSYoungGen      total 63488K, used 1089K [0x00000000d5580000, 0x00000000db080000, 0x0000000100000000)
  eden space 56320K, 0% used [0x00000000d5580000,0x00000000d5580000,0x00000000d8c80000)
  from space 7168K, 15% used [0x00000000d8c80000,0x00000000d8d90480,0x00000000d9380000)
  to   space 7168K, 0% used [0x00000000da980000,0x00000000da980000,0x00000000db080000)
 ParOldGen       total 30720K, used 13250K [0x0000000080000000, 0x0000000081e00000, 0x00000000d5580000)
  object space 30720K, 43% used [0x0000000080000000,0x0000000080cf0b80,0x0000000081e00000)
 Metaspace       used 34215K, capacity 35392K, committed 35416K, reserved 1079296K
  class space    used 4700K, capacity 4973K, committed 4992K, reserved 1048576K
}
Event: 29.564 GC heap before
{Heap before GC invocations=17 (full 2):
 PSYoungGen      total 63488K, used 1089K [0x00000000d5580000, 0x00000000db080000, 0x0000000100000000)
  eden space 56320K, 0% used [0x00000000d5580000,0x00000000d5580000,0x00000000d8c80000)
  from space 7168K, 15% used [0x00000000d8c80000,0x00000000d8d90480,0x00000000d9380000)
  to   space 7168K, 0% used [0x00000000da980000,0x00000000da980000,0x00000000db080000)
 ParOldGen       total 30720K, used 13250K [0x0000000080000000, 0x0000000081e00000, 0x00000000d5580000)
  object space 30720K, 43% used [0x0000000080000000,0x0000000080cf0b80,0x0000000081e00000)
 Metaspace       used 34215K, capacity 35392K, committed 35416K, reserved 1079296K
  class space    used 4700K, capacity 4973K, committed 4992K, reserved 1048576K
Event: 29.757 GC heap after
Heap after GC invocations=17 (full 2):
 PSYoungGen      total 63488K, used 0K [0x00000000d5580000, 0x00000000db080000, 0x0000000100000000)
  eden space 56320K, 0% used [0x00000000d5580000,0x00000000d5580000,0x00000000d8c80000)
  from space 7168K, 0% used [0x00000000d8c80000,0x00000000d8c80000,0x00000000d9380000)
  to   space 7168K, 0% used [0x00000000da980000,0x00000000da980000,0x00000000db080000)
 ParOldGen       total 49152K, used 13896K [0x0000000080000000, 0x0000000083000000, 0x00000000d5580000)
  object space 49152K, 28% used [0x0000000080000000,0x0000000080d92270,0x0000000083000000)
 Metaspace       used 34215K, capacity 35392K, committed 35416K, reserved 1079296K
  class space    used 4700K, capacity 4973K, committed 4992K, reserved 1048576K
}
Event: 34.997 GC heap before
{Heap before GC invocations=18 (full 2):
 PSYoungGen      total 63488K, used 56320K [0x00000000d5580000, 0x00000000db080000, 0x0000000100000000)
  eden space 56320K, 100% used [0x00000000d5580000,0x00000000d8c80000,0x00000000d8c80000)
  from space 7168K, 0% used [0x00000000d8c80000,0x00000000d8c80000,0x00000000d9380000)
  to   space 7168K, 0% used [0x00000000da980000,0x00000000da980000,0x00000000db080000)
 ParOldGen       total 49152K, used 13896K [0x0000000080000000, 0x0000000083000000, 0x00000000d5580000)
  object space 49152K, 28% used [0x0000000080000000,0x0000000080d92270,0x0000000083000000)
 Metaspace       used 36372K, capacity 37910K, committed 38104K, reserved 1081344K
  class space    used 4987K, capacity 5324K, committed 5376K, reserved 1048576K
Event: 35.014 GC heap after
Heap after GC invocations=18 (full 2):
 PSYoungGen      total 77312K, used 4694K [0x00000000d5580000, 0x00000000dae80000, 0x0000000100000000)
  eden space 72192K, 0% used [0x00000000d5580000,0x00000000d5580000,0x00000000d9c00000)
  from space 5120K, 91% used [0x00000000da980000,0x00000000dae15818,0x00000000dae80000)
  to   space 7680K, 0% used [0x00000000d9f80000,0x00000000d9f80000,0x00000000da700000)
 ParOldGen       total 49152K, used 13904K [0x0000000080000000, 0x0000000083000000, 0x00000000d5580000)
  object space 49152K, 28% used [0x0000000080000000,0x0000000080d94270,0x0000000083000000)
 Metaspace       used 36372K, capacity 37910K, committed 38104K, reserved 1081344K
  class space    used 4987K, capacity 5324K, committed 5376K, reserved 1048576K
}
Event: 43.688 GC heap before
{Heap before GC invocations=19 (full 2):
 PSYoungGen      total 77312K, used 76886K [0x00000000d5580000, 0x00000000dae80000, 0x0000000100000000)
  eden space 72192K, 100% used [0x00000000d5580000,0x00000000d9c00000,0x00000000d9c00000)
  from space 5120K, 91% used [0x00000000da980000,0x00000000dae15818,0x00000000dae80000)
  to   space 7680K, 0% used [0x00000000d9f80000,0x00000000d9f80000,0x00000000da700000)
 ParOldGen       total 49152K, used 13904K [0x0000000080000000, 0x0000000083000000, 0x00000000d5580000)
  object space 49152K, 28% used [0x0000000080000000,0x0000000080d94270,0x0000000083000000)
 Metaspace       used 43447K, capacity 45252K, committed 45400K, reserved 1089536K
  class space    used 5876K, capacity 6242K, committed 6272K, reserved 1048576K
Event: 43.726 GC heap after
Heap after GC invocations=19 (full 2):
 PSYoungGen      total 83456K, used 7666K [0x00000000d5580000, 0x00000000dbc00000, 0x0000000100000000)
  eden space 75776K, 0% used [0x00000000d5580000,0x00000000d5580000,0x00000000d9f80000)
  from space 7680K, 99% used [0x00000000d9f80000,0x00000000da6fcb30,0x00000000da700000)
  to   space 10240K, 0% used [0x00000000db200000,0x00000000db200000,0x00000000dbc00000)
 ParOldGen       total 49152K, used 17954K [0x0000000080000000, 0x0000000083000000, 0x00000000d5580000)
  object space 49152K, 36% used [0x0000000080000000,0x0000000081188ab8,0x0000000083000000)
 Metaspace       used 43447K, capacity 45252K, committed 45400K, reserved 1089536K
  class space    used 5876K, capacity 6242K, committed 6272K, reserved 1048576K
}
Event: 49.012 GC heap before
{Heap before GC invocations=20 (full 2):
 PSYoungGen      total 83456K, used 83442K [0x00000000d5580000, 0x00000000dbc00000, 0x0000000100000000)
  eden space 75776K, 100% used [0x00000000d5580000,0x00000000d9f80000,0x00000000d9f80000)
  from space 7680K, 99% used [0x00000000d9f80000,0x00000000da6fcb30,0x00000000da700000)
  to   space 10240K, 0% used [0x00000000db200000,0x00000000db200000,0x00000000dbc00000)
 ParOldGen       total 49152K, used 17954K [0x0000000080000000, 0x0000000083000000, 0x00000000d5580000)
  object space 49152K, 36% used [0x0000000080000000,0x0000000081188ab8,0x0000000083000000)
 Metaspace       used 50676K, capacity 52596K, committed 52696K, reserved 1095680K
  class space    used 6758K, capacity 7138K, committed 7168K, reserved 1048576K
Event: 49.053 GC heap after
Heap after GC invocations=20 (full 2):
 PSYoungGen      total 93184K, used 9862K [0x00000000d5580000, 0x00000000dc280000, 0x0000000100000000)
  eden space 82944K, 0% used [0x00000000d5580000,0x00000000d5580000,0x00000000da680000)
  from space 10240K, 96% used [0x00000000db200000,0x00000000dbba1998,0x00000000dbc00000)
  to   space 11776K, 0% used [0x00000000da680000,0x00000000da680000,0x00000000db200000)
 ParOldGen       total 49152K, used 24233K [0x0000000080000000, 0x0000000083000000, 0x00000000d5580000)
  object space 49152K, 49% used [0x0000000080000000,0x00000000817aa538,0x0000000083000000)
 Metaspace       used 50676K, capacity 52596K, committed 52696K, reserved 1095680K
  class space    used 6758K, capacity 7138K, committed 7168K, reserved 1048576K
}

