# JRE version: OpenJDK Runtime Environment (8.0_242-b01) (build 1.8.0_242-release-1644-b01)
# Java VM: OpenJDK 64-Bit Server VM (25.242-b01 mixed mode windows-amd64 compressed oops)
Heap:
 PSYoungGen      total 621056K, used 219990K [0x00000000d5580000, 0x0000000100000000, 0x0000000100000000)
  eden space 555008K, 34% used [0x00000000d5580000,0x00000000e11ce028,0x00000000f7380000)
  from space 66048K, 41% used [0x00000000f7380000,0x00000000f8e07af0,0x00000000fb400000)
  to   space 62464K, 0% used [0x00000000fc300000,0x00000000fc300000,0x0000000100000000)
 ParOldGen       total 196096K, used 86168K [0x0000000080000000, 0x000000008bf80000, 0x00000000d5580000)
  object space 196096K, 43% used [0x0000000080000000,0x00000000854260b8,0x000000008bf80000)
 Metaspace       used 119636K, capacity 128564K, committed 128728K, reserved 1161216K
  class space    used 15373K, capacity 16866K, committed 16896K, reserved 1048576K
GC Heap History (10 events):
Event: 9261.486 GC heap before
{Heap before GC invocations=81 (full 7):
 PSYoungGen      total 526848K, used 488282K [0x00000000d5580000, 0x00000000fc700000, 0x0000000100000000)
  eden space 473600K, 100% used [0x00000000d5580000,0x00000000f2400000,0x00000000f2400000)
  from space 53248K, 27% used [0x00000000f2400000,0x00000000f32569f0,0x00000000f5800000)
  to   space 50688K, 0% used [0x00000000f9580000,0x00000000f9580000,0x00000000fc700000)
 ParOldGen       total 189952K, used 101704K [0x0000000080000000, 0x000000008b980000, 0x00000000d5580000)
  object space 189952K, 53% used [0x0000000080000000,0x0000000086352138,0x000000008b980000)
 Metaspace       used 102434K, capacity 110444K, committed 110680K, reserved 1144832K
  class space    used 13161K, capacity 14458K, committed 14464K, reserved 1048576K
Event: 9265.763 GC heap after
Heap after GC invocations=81 (full 7):
 PSYoungGen      total 566784K, used 50660K [0x00000000d5580000, 0x00000000ff980000, 0x0000000100000000)
  eden space 516096K, 0% used [0x00000000d5580000,0x00000000d5580000,0x00000000f4d80000)
  from space 50688K, 99% used [0x00000000f9580000,0x00000000fc6f9210,0x00000000fc700000)
  to   space 73728K, 0% used [0x00000000f4d80000,0x00000000f4d80000,0x00000000f9580000)
 ParOldGen       total 189952K, used 140247K [0x0000000080000000, 0x000000008b980000, 0x00000000d5580000)
  object space 189952K, 73% used [0x0000000080000000,0x00000000888f5df0,0x000000008b980000)
 Metaspace       used 102434K, capacity 110444K, committed 110680K, reserved 1144832K
  class space    used 13161K, capacity 14458K, committed 14464K, reserved 1048576K
}
Event: 9747.851 GC heap before
{Heap before GC invocations=82 (full 7):
 PSYoungGen      total 566784K, used 566756K [0x00000000d5580000, 0x00000000ff980000, 0x0000000100000000)
  eden space 516096K, 100% used [0x00000000d5580000,0x00000000f4d80000,0x00000000f4d80000)
  from space 50688K, 99% used [0x00000000f9580000,0x00000000fc6f9210,0x00000000fc700000)
  to   space 73728K, 0% used [0x00000000f4d80000,0x00000000f4d80000,0x00000000f9580000)
 ParOldGen       total 189952K, used 140247K [0x0000000080000000, 0x000000008b980000, 0x00000000d5580000)
  object space 189952K, 73% used [0x0000000080000000,0x00000000888f5df0,0x000000008b980000)
 Metaspace       used 102621K, capacity 110592K, committed 110680K, reserved 1144832K
  class space    used 13162K, capacity 14460K, committed 14464K, reserved 1048576K
Event: 9755.172 GC heap after
Heap after GC invocations=82 (full 7):
 PSYoungGen      total 589824K, used 18818K [0x00000000d5580000, 0x0000000100000000, 0x0000000100000000)
  eden space 516096K, 0% used [0x00000000d5580000,0x00000000d5580000,0x00000000f4d80000)
  from space 73728K, 25% used [0x00000000f4d80000,0x00000000f5fe0bc8,0x00000000f9580000)
  to   space 70144K, 0% used [0x00000000fbb80000,0x00000000fbb80000,0x0000000100000000)
 ParOldGen       total 189952K, used 178372K [0x0000000080000000, 0x000000008b980000, 0x00000000d5580000)
  object space 189952K, 93% used [0x0000000080000000,0x000000008ae31260,0x000000008b980000)
 Metaspace       used 102621K, capacity 110592K, committed 110680K, reserved 1144832K
  class space    used 13162K, capacity 14460K, committed 14464K, reserved 1048576K
}
Event: 9755.196 GC heap before
{Heap before GC invocations=83 (full 8):
 PSYoungGen      total 589824K, used 18818K [0x00000000d5580000, 0x0000000100000000, 0x0000000100000000)
  eden space 516096K, 0% used [0x00000000d5580000,0x00000000d5580000,0x00000000f4d80000)
  from space 73728K, 25% used [0x00000000f4d80000,0x00000000f5fe0bc8,0x00000000f9580000)
  to   space 70144K, 0% used [0x00000000fbb80000,0x00000000fbb80000,0x0000000100000000)
 ParOldGen       total 189952K, used 178372K [0x0000000080000000, 0x000000008b980000, 0x00000000d5580000)
  object space 189952K, 93% used [0x0000000080000000,0x000000008ae31260,0x000000008b980000)
 Metaspace       used 102621K, capacity 110592K, committed 110680K, reserved 1144832K
  class space    used 13162K, capacity 14460K, committed 14464K, reserved 1048576K
Event: 9783.420 GC heap after
Heap after GC invocations=83 (full 8):
 PSYoungGen      total 589824K, used 0K [0x00000000d5580000, 0x0000000100000000, 0x0000000100000000)
  eden space 516096K, 0% used [0x00000000d5580000,0x00000000d5580000,0x00000000f4d80000)
  from space 73728K, 0% used [0x00000000f4d80000,0x00000000f4d80000,0x00000000f9580000)
  to   space 70144K, 0% used [0x00000000fbb80000,0x00000000fbb80000,0x0000000100000000)
 ParOldGen       total 196096K, used 79657K [0x0000000080000000, 0x000000008bf80000, 0x00000000d5580000)
  object space 196096K, 40% used [0x0000000080000000,0x0000000084dca4a0,0x000000008bf80000)
 Metaspace       used 102600K, capacity 110556K, committed 110680K, reserved 1144832K
  class space    used 13159K, capacity 14454K, committed 14464K, reserved 1048576K
}
Event: 10539.075 GC heap before
{Heap before GC invocations=84 (full 8):
 PSYoungGen      total 589824K, used 516096K [0x00000000d5580000, 0x0000000100000000, 0x0000000100000000)
  eden space 516096K, 100% used [0x00000000d5580000,0x00000000f4d80000,0x00000000f4d80000)
  from space 73728K, 0% used [0x00000000f4d80000,0x00000000f4d80000,0x00000000f9580000)
  to   space 70144K, 0% used [0x00000000fbb80000,0x00000000fbb80000,0x0000000100000000)
 ParOldGen       total 196096K, used 79657K [0x0000000080000000, 0x000000008bf80000, 0x00000000d5580000)
  object space 196096K, 40% used [0x0000000080000000,0x0000000084dca4a0,0x000000008bf80000)
 Metaspace       used 103054K, capacity 111160K, committed 111320K, reserved 1146880K
  class space    used 13171K, capacity 14478K, committed 14592K, reserved 1048576K
Event: 10550.902 GC heap after
Heap after GC invocations=84 (full 8):
 PSYoungGen      total 613376K, used 25907K [0x00000000d5580000, 0x00000000ff480000, 0x0000000100000000)
  eden space 555008K, 0% used [0x00000000d5580000,0x00000000d5580000,0x00000000f7380000)
  from space 58368K, 44% used [0x00000000fbb80000,0x00000000fd4ccf18,0x00000000ff480000)
  to   space 66048K, 0% used [0x00000000f7380000,0x00000000f7380000,0x00000000fb400000)
 ParOldGen       total 196096K, used 79665K [0x0000000080000000, 0x000000008bf80000, 0x00000000d5580000)
  object space 196096K, 40% used [0x0000000080000000,0x0000000084dcc4a0,0x000000008bf80000)
 Metaspace       used 103054K, capacity 111160K, committed 111320K, reserved 1146880K
  class space    used 13171K, capacity 14478K, committed 14592K, reserved 1048576K
}
Event: 11615.992 GC heap before
{Heap before GC invocations=85 (full 8):
 PSYoungGen      total 613376K, used 580915K [0x00000000d5580000, 0x00000000ff480000, 0x0000000100000000)
  eden space 555008K, 100% used [0x00000000d5580000,0x00000000f7380000,0x00000000f7380000)
  from space 58368K, 44% used [0x00000000fbb80000,0x00000000fd4ccf18,0x00000000ff480000)
  to   space 66048K, 0% used [0x00000000f7380000,0x00000000f7380000,0x00000000fb400000)
 ParOldGen       total 196096K, used 79665K [0x0000000080000000, 0x000000008bf80000, 0x00000000d5580000)
  object space 196096K, 40% used [0x0000000080000000,0x0000000084dcc4a0,0x000000008bf80000)
 Metaspace       used 113103K, capacity 121692K, committed 121944K, reserved 1155072K
  class space    used 14511K, capacity 15918K, committed 16000K, reserved 1048576K
Event: 11619.539 GC heap after
Heap after GC invocations=85 (full 8):
 PSYoungGen      total 621056K, used 27166K [0x00000000d5580000, 0x0000000100000000, 0x0000000100000000)
  eden space 555008K, 0% used [0x00000000d5580000,0x00000000d5580000,0x00000000f7380000)
  from space 66048K, 41% used [0x00000000f7380000,0x00000000f8e07af0,0x00000000fb400000)
  to   space 62464K, 0% used [0x00000000fc300000,0x00000000fc300000,0x0000000100000000)
 ParOldGen       total 196096K, used 86168K [0x0000000080000000, 0x000000008bf80000, 0x00000000d5580000)
  object space 196096K, 43% used [0x0000000080000000,0x00000000854260b8,0x000000008bf80000)
 Metaspace       used 113103K, capacity 121692K, committed 121944K, reserved 1155072K
  class space    used 14511K, capacity 15918K, committed 16000K, reserved 1048576K
}

