# JRE version: OpenJDK Runtime Environment (8.0_242-b01) (build 1.8.0_242-release-1644-b01)
# Java VM: OpenJDK 64-Bit Server VM (25.242-b01 mixed mode windows-amd64 compressed oops)
Heap:
 PSYoungGen      total 63488K, used 448K [0x00000000d5580000, 0x00000000d9b00000, 0x0000000100000000)
  eden space 56832K, 0% used [0x00000000d5580000,0x00000000d5580000,0x00000000d8d00000)
  from space 6656K, 6% used [0x00000000d8d00000,0x00000000d8d70000,0x00000000d9380000)
  to   space 6656K, 0% used [0x00000000d9380000,0x00000000d9380000,0x00000000d9a00000)
 ParOldGen       total 48640K, used 15977K [0x0000000080000000, 0x0000000082f80000, 0x00000000d5580000)
  object space 48640K, 32% used [0x0000000080000000,0x0000000080f9a5e8,0x0000000082f80000)
 Metaspace       used 36611K, capacity 38075K, committed 38104K, reserved 1087488K
  class space    used 5029K, capacity 5347K, committed 5376K, reserved 1048576K
GC Heap History (10 events):
Event: 24.998 GC heap after
Heap after GC invocations=15 (full 1):
 PSYoungGen      total 63488K, used 3337K [0x00000000d5580000, 0x00000000d9b00000, 0x0000000100000000)
  eden space 56832K, 0% used [0x00000000d5580000,0x00000000d5580000,0x00000000d8d00000)
  from space 6656K, 50% used [0x00000000d9380000,0x00000000d96c26a0,0x00000000d9a00000)
  to   space 6656K, 0% used [0x00000000d8d00000,0x00000000d8d00000,0x00000000d9380000)
 ParOldGen       total 34816K, used 13629K [0x0000000080000000, 0x0000000082200000, 0x00000000d5580000)
  object space 34816K, 39% used [0x0000000080000000,0x0000000080d4f780,0x0000000082200000)
 Metaspace       used 34105K, capacity 35328K, committed 35416K, reserved 1079296K
  class space    used 4684K, capacity 4973K, committed 4992K, reserved 1048576K
}
Event: 25.111 GC heap before
{Heap before GC invocations=16 (full 1):
 PSYoungGen      total 63488K, used 5523K [0x00000000d5580000, 0x00000000d9b00000, 0x0000000100000000)
  eden space 56832K, 3% used [0x00000000d5580000,0x00000000d57a2908,0x00000000d8d00000)
  from space 6656K, 50% used [0x00000000d9380000,0x00000000d96c26a0,0x00000000d9a00000)
  to   space 6656K, 0% used [0x00000000d8d00000,0x00000000d8d00000,0x00000000d9380000)
 ParOldGen       total 34816K, used 13629K [0x0000000080000000, 0x0000000082200000, 0x00000000d5580000)
  object space 34816K, 39% used [0x0000000080000000,0x0000000080d4f780,0x0000000082200000)
 Metaspace       used 34215K, capacity 35392K, committed 35416K, reserved 1079296K
  class space    used 4706K, capacity 4973K, committed 4992K, reserved 1048576K
Event: 25.124 GC heap after
Heap after GC invocations=16 (full 1):
 PSYoungGen      total 63488K, used 208K [0x00000000d5580000, 0x00000000d9b00000, 0x0000000100000000)
  eden space 56832K, 0% used [0x00000000d5580000,0x00000000d5580000,0x00000000d8d00000)
  from space 6656K, 3% used [0x00000000d8d00000,0x00000000d8d342b0,0x00000000d9380000)
  to   space 6656K, 0% used [0x00000000d9380000,0x00000000d9380000,0x00000000d9a00000)
 ParOldGen       total 34816K, used 15357K [0x0000000080000000, 0x0000000082200000, 0x00000000d5580000)
  object space 34816K, 44% used [0x0000000080000000,0x0000000080eff7a0,0x0000000082200000)
 Metaspace       used 34215K, capacity 35392K, committed 35416K, reserved 1079296K
  class space    used 4706K, capacity 4973K, committed 4992K, reserved 1048576K
}
Event: 25.124 GC heap before
{Heap before GC invocations=17 (full 2):
 PSYoungGen      total 63488K, used 208K [0x00000000d5580000, 0x00000000d9b00000, 0x0000000100000000)
  eden space 56832K, 0% used [0x00000000d5580000,0x00000000d5580000,0x00000000d8d00000)
  from space 6656K, 3% used [0x00000000d8d00000,0x00000000d8d342b0,0x00000000d9380000)
  to   space 6656K, 0% used [0x00000000d9380000,0x00000000d9380000,0x00000000d9a00000)
 ParOldGen       total 34816K, used 15357K [0x0000000080000000, 0x0000000082200000, 0x00000000d5580000)
  object space 34816K, 44% used [0x0000000080000000,0x0000000080eff7a0,0x0000000082200000)
 Metaspace       used 34215K, capacity 35392K, committed 35416K, reserved 1079296K
  class space    used 4706K, capacity 4973K, committed 4992K, reserved 1048576K
Event: 25.309 GC heap after
Heap after GC invocations=17 (full 2):
 PSYoungGen      total 63488K, used 0K [0x00000000d5580000, 0x00000000d9b00000, 0x0000000100000000)
  eden space 56832K, 0% used [0x00000000d5580000,0x00000000d5580000,0x00000000d8d00000)
  from space 6656K, 0% used [0x00000000d8d00000,0x00000000d8d00000,0x00000000d9380000)
  to   space 6656K, 0% used [0x00000000d9380000,0x00000000d9380000,0x00000000d9a00000)
 ParOldGen       total 48640K, used 13355K [0x0000000080000000, 0x0000000082f80000, 0x00000000d5580000)
  object space 48640K, 27% used [0x0000000080000000,0x0000000080d0ad28,0x0000000082f80000)
 Metaspace       used 34215K, capacity 35392K, committed 35416K, reserved 1079296K
  class space    used 4706K, capacity 4973K, committed 4992K, reserved 1048576K
}
Event: 41.356 GC heap before
{Heap before GC invocations=18 (full 2):
 PSYoungGen      total 63488K, used 56832K [0x00000000d5580000, 0x00000000d9b00000, 0x0000000100000000)
  eden space 56832K, 100% used [0x00000000d5580000,0x00000000d8d00000,0x00000000d8d00000)
  from space 6656K, 0% used [0x00000000d8d00000,0x00000000d8d00000,0x00000000d9380000)
  to   space 6656K, 0% used [0x00000000d9380000,0x00000000d9380000,0x00000000d9a00000)
 ParOldGen       total 48640K, used 13355K [0x0000000080000000, 0x0000000082f80000, 0x00000000d5580000)
  object space 48640K, 27% used [0x0000000080000000,0x0000000080d0ad28,0x0000000082f80000)
 Metaspace       used 36375K, capacity 37840K, committed 38104K, reserved 1081344K
  class space    used 4991K, capacity 5323K, committed 5376K, reserved 1048576K
Event: 41.371 GC heap after
Heap after GC invocations=18 (full 2):
 PSYoungGen      total 63488K, used 4598K [0x00000000d5580000, 0x00000000d9b00000, 0x0000000100000000)
  eden space 56832K, 0% used [0x00000000d5580000,0x00000000d5580000,0x00000000d8d00000)
  from space 6656K, 69% used [0x00000000d9380000,0x00000000d97fd818,0x00000000d9a00000)
  to   space 6656K, 0% used [0x00000000d8d00000,0x00000000d8d00000,0x00000000d9380000)
 ParOldGen       total 48640K, used 13363K [0x0000000080000000, 0x0000000082f80000, 0x00000000d5580000)
  object space 48640K, 27% used [0x0000000080000000,0x0000000080d0cd28,0x0000000082f80000)
 Metaspace       used 36375K, capacity 37840K, committed 38104K, reserved 1081344K
  class space    used 4991K, capacity 5323K, committed 5376K, reserved 1048576K
}
Event: 42.128 GC heap before
{Heap before GC invocations=19 (full 2):
 PSYoungGen      total 63488K, used 8810K [0x00000000d5580000, 0x00000000d9b00000, 0x0000000100000000)
  eden space 56832K, 7% used [0x00000000d5580000,0x00000000d599d3e0,0x00000000d8d00000)
  from space 6656K, 69% used [0x00000000d9380000,0x00000000d97fd818,0x00000000d9a00000)
  to   space 6656K, 0% used [0x00000000d8d00000,0x00000000d8d00000,0x00000000d9380000)
 ParOldGen       total 48640K, used 13363K [0x0000000080000000, 0x0000000082f80000, 0x00000000d5580000)
  object space 48640K, 27% used [0x0000000080000000,0x0000000080d0cd28,0x0000000082f80000)
 Metaspace       used 36611K, capacity 38075K, committed 38104K, reserved 1087488K
  class space    used 5029K, capacity 5347K, committed 5376K, reserved 1048576K
Event: 42.138 GC heap after
Heap after GC invocations=19 (full 2):
 PSYoungGen      total 63488K, used 448K [0x00000000d5580000, 0x00000000d9b00000, 0x0000000100000000)
  eden space 56832K, 0% used [0x00000000d5580000,0x00000000d5580000,0x00000000d8d00000)
  from space 6656K, 6% used [0x00000000d8d00000,0x00000000d8d70000,0x00000000d9380000)
  to   space 6656K, 0% used [0x00000000d9380000,0x00000000d9380000,0x00000000d9a00000)
 ParOldGen       total 48640K, used 15977K [0x0000000080000000, 0x0000000082f80000, 0x00000000d5580000)
  object space 48640K, 32% used [0x0000000080000000,0x0000000080f9a5e8,0x0000000082f80000)
 Metaspace       used 36611K, capacity 38075K, committed 38104K, reserved 1087488K
  class space    used 5029K, capacity 5347K, committed 5376K, reserved 1048576K
}
Event: 42.138 GC heap before
{Heap before GC invocations=20 (full 3):
 PSYoungGen      total 63488K, used 448K [0x00000000d5580000, 0x00000000d9b00000, 0x0000000100000000)
  eden space 56832K, 0% used [0x00000000d5580000,0x00000000d5580000,0x00000000d8d00000)
  from space 6656K, 6% used [0x00000000d8d00000,0x00000000d8d70000,0x00000000d9380000)
  to   space 6656K, 0% used [0x00000000d9380000,0x00000000d9380000,0x00000000d9a00000)
 ParOldGen       total 48640K, used 15977K [0x0000000080000000, 0x0000000082f80000, 0x00000000d5580000)
  object space 48640K, 32% used [0x0000000080000000,0x0000000080f9a5e8,0x0000000082f80000)
 Metaspace       used 36611K, capacity 38075K, committed 38104K, reserved 1087488K
  class space    used 5029K, capacity 5347K, committed 5376K, reserved 1048576K

