# JRE version: OpenJDK Runtime Environment (8.0_242-b01) (build 1.8.0_242-release-1644-b01)
# Java VM: OpenJDK 64-Bit Server VM (25.242-b01 mixed mode windows-amd64 compressed oops)
Heap:
 PSYoungGen      total 176128K, used 137682K [0x00000000d5580000, 0x00000000e0f80000, 0x0000000100000000)
  eden space 164864K, 83% used [0x00000000d5580000,0x00000000ddbf4970,0x00000000df680000)
  from space 11264K, 0% used [0x00000000e0480000,0x00000000e0480000,0x00000000e0f80000)
  to   space 12800K, 0% used [0x00000000df680000,0x00000000df680000,0x00000000e0300000)
 ParOldGen       total 55296K, used 14572K [0x0000000080000000, 0x0000000083600000, 0x00000000d5580000)
  object space 55296K, 26% used [0x0000000080000000,0x0000000080e3b258,0x0000000083600000)
 Metaspace       used 37610K, capacity 39278K, committed 39512K, reserved 1083392K
  class space    used 5157K, capacity 5492K, committed 5504K, reserved 1048576K
GC Heap History (10 events):
Event: 5.476 GC heap before
{Heap before GC invocations=8 (full 0):
 PSYoungGen      total 71680K, used 10036K [0x00000000d5580000, 0x00000000de680000, 0x0000000100000000)
  eden space 64512K, 4% used [0x00000000d5580000,0x00000000d584ef08,0x00000000d9480000)
  from space 7168K, 99% used [0x00000000d9480000,0x00000000d9b7e340,0x00000000d9b80000)
  to   space 9728K, 0% used [0x00000000ddd00000,0x00000000ddd00000,0x00000000de680000)
 ParOldGen       total 44032K, used 8257K [0x0000000080000000, 0x0000000082b00000, 0x00000000d5580000)
  object space 44032K, 18% used [0x0000000080000000,0x0000000080810678,0x0000000082b00000)
 Metaspace       used 20514K, capacity 21204K, committed 21248K, reserved 1067008K
  class space    used 2858K, capacity 3048K, committed 3072K, reserved 1048576K
Event: 5.483 GC heap after
Heap after GC invocations=8 (full 0):
 PSYoungGen      total 138752K, used 3632K [0x00000000d5580000, 0x00000000de680000, 0x0000000100000000)
  eden space 129024K, 0% used [0x00000000d5580000,0x00000000d5580000,0x00000000dd380000)
  from space 9728K, 37% used [0x00000000ddd00000,0x00000000de08c040,0x00000000de680000)
  to   space 9728K, 0% used [0x00000000dd380000,0x00000000dd380000,0x00000000ddd00000)
 ParOldGen       total 44032K, used 8689K [0x0000000080000000, 0x0000000082b00000, 0x00000000d5580000)
  object space 44032K, 19% used [0x0000000080000000,0x000000008087c678,0x0000000082b00000)
 Metaspace       used 20514K, capacity 21204K, committed 21248K, reserved 1067008K
  class space    used 2858K, capacity 3048K, committed 3072K, reserved 1048576K
}
Event: 5.483 GC heap before
{Heap before GC invocations=9 (full 1):
 PSYoungGen      total 138752K, used 3632K [0x00000000d5580000, 0x00000000de680000, 0x0000000100000000)
  eden space 129024K, 0% used [0x00000000d5580000,0x00000000d5580000,0x00000000dd380000)
  from space 9728K, 37% used [0x00000000ddd00000,0x00000000de08c040,0x00000000de680000)
  to   space 9728K, 0% used [0x00000000dd380000,0x00000000dd380000,0x00000000ddd00000)
 ParOldGen       total 44032K, used 8689K [0x0000000080000000, 0x0000000082b00000, 0x00000000d5580000)
  object space 44032K, 19% used [0x0000000080000000,0x000000008087c678,0x0000000082b00000)
 Metaspace       used 20514K, capacity 21204K, committed 21248K, reserved 1067008K
  class space    used 2858K, capacity 3048K, committed 3072K, reserved 1048576K
Event: 5.607 GC heap after
Heap after GC invocations=9 (full 1):
 PSYoungGen      total 138752K, used 0K [0x00000000d5580000, 0x00000000de680000, 0x0000000100000000)
  eden space 129024K, 0% used [0x00000000d5580000,0x00000000d5580000,0x00000000dd380000)
  from space 9728K, 0% used [0x00000000ddd00000,0x00000000ddd00000,0x00000000de680000)
  to   space 9728K, 0% used [0x00000000dd380000,0x00000000dd380000,0x00000000ddd00000)
 ParOldGen       total 34816K, used 6691K [0x0000000080000000, 0x0000000082200000, 0x00000000d5580000)
  object space 34816K, 19% used [0x0000000080000000,0x0000000080688c28,0x0000000082200000)
 Metaspace       used 20514K, capacity 21204K, committed 21248K, reserved 1067008K
  class space    used 2858K, capacity 3048K, committed 3072K, reserved 1048576K
}
Event: 14.458 GC heap before
{Heap before GC invocations=10 (full 1):
 PSYoungGen      total 138752K, used 129024K [0x00000000d5580000, 0x00000000de680000, 0x0000000100000000)
  eden space 129024K, 100% used [0x00000000d5580000,0x00000000dd380000,0x00000000dd380000)
  from space 9728K, 0% used [0x00000000ddd00000,0x00000000ddd00000,0x00000000de680000)
  to   space 9728K, 0% used [0x00000000dd380000,0x00000000dd380000,0x00000000ddd00000)
 ParOldGen       total 34816K, used 6691K [0x0000000080000000, 0x0000000082200000, 0x00000000d5580000)
  object space 34816K, 19% used [0x0000000080000000,0x0000000080688c28,0x0000000082200000)
 Metaspace       used 32690K, capacity 33680K, committed 33920K, reserved 1079296K
  class space    used 4446K, capacity 4690K, committed 4736K, reserved 1048576K
Event: 14.483 GC heap after
Heap after GC invocations=10 (full 1):
 PSYoungGen      total 138752K, used 9724K [0x00000000d5580000, 0x00000000e1100000, 0x0000000100000000)
  eden space 129024K, 0% used [0x00000000d5580000,0x00000000d5580000,0x00000000dd380000)
  from space 9728K, 99% used [0x00000000dd380000,0x00000000ddcff380,0x00000000ddd00000)
  to   space 12800K, 0% used [0x00000000e0480000,0x00000000e0480000,0x00000000e1100000)
 ParOldGen       total 34816K, used 10797K [0x0000000080000000, 0x0000000082200000, 0x00000000d5580000)
  object space 34816K, 31% used [0x0000000080000000,0x0000000080a8b728,0x0000000082200000)
 Metaspace       used 32690K, capacity 33680K, committed 33920K, reserved 1079296K
  class space    used 4446K, capacity 4690K, committed 4736K, reserved 1048576K
}
Event: 16.299 GC heap before
{Heap before GC invocations=11 (full 1):
 PSYoungGen      total 138752K, used 43519K [0x00000000d5580000, 0x00000000e1100000, 0x0000000100000000)
  eden space 129024K, 26% used [0x00000000d5580000,0x00000000d7680ab0,0x00000000dd380000)
  from space 9728K, 99% used [0x00000000dd380000,0x00000000ddcff380,0x00000000ddd00000)
  to   space 12800K, 0% used [0x00000000e0480000,0x00000000e0480000,0x00000000e1100000)
 ParOldGen       total 34816K, used 10797K [0x0000000080000000, 0x0000000082200000, 0x00000000d5580000)
  object space 34816K, 31% used [0x0000000080000000,0x0000000080a8b728,0x0000000082200000)
 Metaspace       used 34220K, capacity 35392K, committed 35416K, reserved 1079296K
  class space    used 4702K, capacity 4973K, committed 4992K, reserved 1048576K
Event: 16.326 GC heap after
Heap after GC invocations=11 (full 1):
 PSYoungGen      total 176128K, used 8187K [0x00000000d5580000, 0x00000000e0f80000, 0x0000000100000000)
  eden space 164864K, 0% used [0x00000000d5580000,0x00000000d5580000,0x00000000df680000)
  from space 11264K, 72% used [0x00000000e0480000,0x00000000e0c7ed38,0x00000000e0f80000)
  to   space 12800K, 0% used [0x00000000df680000,0x00000000df680000,0x00000000e0300000)
 ParOldGen       total 34816K, used 10805K [0x0000000080000000, 0x0000000082200000, 0x00000000d5580000)
  object space 34816K, 31% used [0x0000000080000000,0x0000000080a8d728,0x0000000082200000)
 Metaspace       used 34220K, capacity 35392K, committed 35416K, reserved 1079296K
  class space    used 4702K, capacity 4973K, committed 4992K, reserved 1048576K
}
Event: 16.326 GC heap before
{Heap before GC invocations=12 (full 2):
 PSYoungGen      total 176128K, used 8187K [0x00000000d5580000, 0x00000000e0f80000, 0x0000000100000000)
  eden space 164864K, 0% used [0x00000000d5580000,0x00000000d5580000,0x00000000df680000)
  from space 11264K, 72% used [0x00000000e0480000,0x00000000e0c7ed38,0x00000000e0f80000)
  to   space 12800K, 0% used [0x00000000df680000,0x00000000df680000,0x00000000e0300000)
 ParOldGen       total 34816K, used 10805K [0x0000000080000000, 0x0000000082200000, 0x00000000d5580000)
  object space 34816K, 31% used [0x0000000080000000,0x0000000080a8d728,0x0000000082200000)
 Metaspace       used 34220K, capacity 35392K, committed 35416K, reserved 1079296K
  class space    used 4702K, capacity 4973K, committed 4992K, reserved 1048576K
Event: 16.451 GC heap after
Heap after GC invocations=12 (full 2):
 PSYoungGen      total 176128K, used 0K [0x00000000d5580000, 0x00000000e0f80000, 0x0000000100000000)
  eden space 164864K, 0% used [0x00000000d5580000,0x00000000d5580000,0x00000000df680000)
  from space 11264K, 0% used [0x00000000e0480000,0x00000000e0480000,0x00000000e0f80000)
  to   space 12800K, 0% used [0x00000000df680000,0x00000000df680000,0x00000000e0300000)
 ParOldGen       total 55296K, used 14572K [0x0000000080000000, 0x0000000083600000, 0x00000000d5580000)
  object space 55296K, 26% used [0x0000000080000000,0x0000000080e3b258,0x0000000083600000)
 Metaspace       used 34220K, capacity 35392K, committed 35416K, reserved 1079296K
  class space    used 4702K, capacity 4973K, committed 4992K, reserved 1048576K
}

