# JRE version: OpenJDK Runtime Environment (8.0_242-b01) (build 1.8.0_242-release-1644-b01)
# Java VM: OpenJDK 64-Bit Server VM (25.242-b01 mixed mode windows-amd64 compressed oops)
Heap:
 PSYoungGen      total 96256K, used 19244K [0x00000000d5580000, 0x00000000dd980000, 0x0000000100000000)
  eden space 84992K, 22% used [0x00000000d5580000,0x00000000d684b0f8,0x00000000da880000)
  from space 11264K, 0% used [0x00000000da880000,0x00000000da880000,0x00000000db380000)
  to   space 10752K, 0% used [0x00000000dcf00000,0x00000000dcf00000,0x00000000dd980000)
 ParOldGen       total 33792K, used 14457K [0x0000000080000000, 0x0000000082100000, 0x00000000d5580000)
  object space 33792K, 42% used [0x0000000080000000,0x0000000080e1e4b0,0x0000000082100000)
 Metaspace       used 35135K, capacity 36302K, committed 36568K, reserved 1081344K
  class space    used 4829K, capacity 5100K, committed 5120K, reserved 1048576K
GC Heap History (10 events):
Event: 8.666 GC heap before
{Heap before GC invocations=9 (full 1):
 PSYoungGen      total 70656K, used 3621K [0x00000000d5580000, 0x00000000da380000, 0x0000000100000000)
  eden space 64512K, 0% used [0x00000000d5580000,0x00000000d5580000,0x00000000d9480000)
  from space 6144K, 58% used [0x00000000d9b80000,0x00000000d9f09470,0x00000000da180000)
  to   space 7168K, 0% used [0x00000000d9480000,0x00000000d9480000,0x00000000d9b80000)
 ParOldGen       total 44032K, used 8628K [0x0000000080000000, 0x0000000082b00000, 0x00000000d5580000)
  object space 44032K, 19% used [0x0000000080000000,0x000000008086d1b8,0x0000000082b00000)
 Metaspace       used 20514K, capacity 21204K, committed 21248K, reserved 1067008K
  class space    used 2858K, capacity 3048K, committed 3072K, reserved 1048576K
Event: 8.820 GC heap after
Heap after GC invocations=9 (full 1):
 PSYoungGen      total 70656K, used 0K [0x00000000d5580000, 0x00000000da380000, 0x0000000100000000)
  eden space 64512K, 0% used [0x00000000d5580000,0x00000000d5580000,0x00000000d9480000)
  from space 6144K, 0% used [0x00000000d9b80000,0x00000000d9b80000,0x00000000da180000)
  to   space 7168K, 0% used [0x00000000d9480000,0x00000000d9480000,0x00000000d9b80000)
 ParOldGen       total 33792K, used 6732K [0x0000000080000000, 0x0000000082100000, 0x00000000d5580000)
  object space 33792K, 19% used [0x0000000080000000,0x00000000806932c0,0x0000000082100000)
 Metaspace       used 20514K, capacity 21204K, committed 21248K, reserved 1067008K
  class space    used 2858K, capacity 3048K, committed 3072K, reserved 1048576K
}
Event: 14.081 GC heap before
{Heap before GC invocations=10 (full 1):
 PSYoungGen      total 70656K, used 64512K [0x00000000d5580000, 0x00000000da380000, 0x0000000100000000)
  eden space 64512K, 100% used [0x00000000d5580000,0x00000000d9480000,0x00000000d9480000)
  from space 6144K, 0% used [0x00000000d9b80000,0x00000000d9b80000,0x00000000da180000)
  to   space 7168K, 0% used [0x00000000d9480000,0x00000000d9480000,0x00000000d9b80000)
 ParOldGen       total 33792K, used 6732K [0x0000000080000000, 0x0000000082100000, 0x00000000d5580000)
  object space 33792K, 19% used [0x0000000080000000,0x00000000806932c0,0x0000000082100000)
 Metaspace       used 28435K, capacity 29336K, committed 29568K, reserved 1075200K
  class space    used 3920K, capacity 4154K, committed 4224K, reserved 1048576K
Event: 14.095 GC heap after
Heap after GC invocations=10 (full 1):
 PSYoungGen      total 71680K, used 7161K [0x00000000d5580000, 0x00000000dbd80000, 0x0000000100000000)
  eden space 64512K, 0% used [0x00000000d5580000,0x00000000d5580000,0x00000000d9480000)
  from space 7168K, 99% used [0x00000000d9480000,0x00000000d9b7e478,0x00000000d9b80000)
  to   space 10240K, 0% used [0x00000000db380000,0x00000000db380000,0x00000000dbd80000)
 ParOldGen       total 33792K, used 7662K [0x0000000080000000, 0x0000000082100000, 0x00000000d5580000)
  object space 33792K, 22% used [0x0000000080000000,0x000000008077bb38,0x0000000082100000)
 Metaspace       used 28435K, capacity 29336K, committed 29568K, reserved 1075200K
  class space    used 3920K, capacity 4154K, committed 4224K, reserved 1048576K
}
Event: 15.545 GC heap before
{Heap before GC invocations=11 (full 1):
 PSYoungGen      total 71680K, used 71673K [0x00000000d5580000, 0x00000000dbd80000, 0x0000000100000000)
  eden space 64512K, 100% used [0x00000000d5580000,0x00000000d9480000,0x00000000d9480000)
  from space 7168K, 99% used [0x00000000d9480000,0x00000000d9b7e478,0x00000000d9b80000)
  to   space 10240K, 0% used [0x00000000db380000,0x00000000db380000,0x00000000dbd80000)
 ParOldGen       total 33792K, used 7662K [0x0000000080000000, 0x0000000082100000, 0x00000000d5580000)
  object space 33792K, 22% used [0x0000000080000000,0x000000008077bb38,0x0000000082100000)
 Metaspace       used 32764K, capacity 33782K, committed 33920K, reserved 1079296K
  class space    used 4464K, capacity 4723K, committed 4736K, reserved 1048576K
Event: 15.565 GC heap after
Heap after GC invocations=11 (full 1):
 PSYoungGen      total 95232K, used 9332K [0x00000000d5580000, 0x00000000dbe80000, 0x0000000100000000)
  eden space 84992K, 0% used [0x00000000d5580000,0x00000000d5580000,0x00000000da880000)
  from space 10240K, 91% used [0x00000000db380000,0x00000000dbc9d030,0x00000000dbd80000)
  to   space 11264K, 0% used [0x00000000da880000,0x00000000da880000,0x00000000db380000)
 ParOldGen       total 33792K, used 7670K [0x0000000080000000, 0x0000000082100000, 0x00000000d5580000)
  object space 33792K, 22% used [0x0000000080000000,0x000000008077db38,0x0000000082100000)
 Metaspace       used 32764K, capacity 33782K, committed 33920K, reserved 1079296K
  class space    used 4464K, capacity 4723K, committed 4736K, reserved 1048576K
}
Event: 16.181 GC heap before
{Heap before GC invocations=12 (full 1):
 PSYoungGen      total 95232K, used 38844K [0x00000000d5580000, 0x00000000dbe80000, 0x0000000100000000)
  eden space 84992K, 34% used [0x00000000d5580000,0x00000000d7252278,0x00000000da880000)
  from space 10240K, 91% used [0x00000000db380000,0x00000000dbc9d030,0x00000000dbd80000)
  to   space 11264K, 0% used [0x00000000da880000,0x00000000da880000,0x00000000db380000)
 ParOldGen       total 33792K, used 7670K [0x0000000080000000, 0x0000000082100000, 0x00000000d5580000)
  object space 33792K, 22% used [0x0000000080000000,0x000000008077db38,0x0000000082100000)
 Metaspace       used 34226K, capacity 35392K, committed 35416K, reserved 1079296K
  class space    used 4704K, capacity 4973K, committed 4992K, reserved 1048576K
Event: 16.201 GC heap after
Heap after GC invocations=12 (full 1):
 PSYoungGen      total 96256K, used 5001K [0x00000000d5580000, 0x00000000dd980000, 0x0000000100000000)
  eden space 84992K, 0% used [0x00000000d5580000,0x00000000d5580000,0x00000000da880000)
  from space 11264K, 44% used [0x00000000da880000,0x00000000dad625c0,0x00000000db380000)
  to   space 10752K, 0% used [0x00000000dcf00000,0x00000000dcf00000,0x00000000dd980000)
 ParOldGen       total 33792K, used 10773K [0x0000000080000000, 0x0000000082100000, 0x00000000d5580000)
  object space 33792K, 31% used [0x0000000080000000,0x0000000080a85528,0x0000000082100000)
 Metaspace       used 34226K, capacity 35392K, committed 35416K, reserved 1079296K
  class space    used 4704K, capacity 4973K, committed 4992K, reserved 1048576K
}
Event: 16.201 GC heap before
{Heap before GC invocations=13 (full 2):
 PSYoungGen      total 96256K, used 5001K [0x00000000d5580000, 0x00000000dd980000, 0x0000000100000000)
  eden space 84992K, 0% used [0x00000000d5580000,0x00000000d5580000,0x00000000da880000)
  from space 11264K, 44% used [0x00000000da880000,0x00000000dad625c0,0x00000000db380000)
  to   space 10752K, 0% used [0x00000000dcf00000,0x00000000dcf00000,0x00000000dd980000)
 ParOldGen       total 33792K, used 10773K [0x0000000080000000, 0x0000000082100000, 0x00000000d5580000)
  object space 33792K, 31% used [0x0000000080000000,0x0000000080a85528,0x0000000082100000)
 Metaspace       used 34226K, capacity 35392K, committed 35416K, reserved 1079296K
  class space    used 4704K, capacity 4973K, committed 4992K, reserved 1048576K
Event: 16.327 GC heap after
Heap after GC invocations=13 (full 2):
 PSYoungGen      total 96256K, used 0K [0x00000000d5580000, 0x00000000dd980000, 0x0000000100000000)
  eden space 84992K, 0% used [0x00000000d5580000,0x00000000d5580000,0x00000000da880000)
  from space 11264K, 0% used [0x00000000da880000,0x00000000da880000,0x00000000db380000)
  to   space 10752K, 0% used [0x00000000dcf00000,0x00000000dcf00000,0x00000000dd980000)
 ParOldGen       total 33792K, used 14457K [0x0000000080000000, 0x0000000082100000, 0x00000000d5580000)
  object space 33792K, 42% used [0x0000000080000000,0x0000000080e1e4b0,0x0000000082100000)
 Metaspace       used 34226K, capacity 35392K, committed 35416K, reserved 1079296K
  class space    used 4704K, capacity 4973K, committed 4992K, reserved 1048576K
}

