# JRE version: OpenJDK Runtime Environment (8.0_242-b01) (build 1.8.0_242-release-1644-b01)
# Java VM: OpenJDK 64-Bit Server VM (25.242-b01 mixed mode windows-amd64 compressed oops)
Heap:
 PSYoungGen      total 416256K, used 46804K [0x00000000d5580000, 0x00000000fc800000, 0x0000000100000000)
  eden space 370688K, 9% used [0x00000000d5580000,0x00000000d77bdc58,0x00000000ebf80000)
  from space 45568K, 25% used [0x00000000ebf80000,0x00000000ecaf7780,0x00000000eec00000)
  to   space 76288K, 0% used [0x00000000f7d80000,0x00000000f7d80000,0x00000000fc800000)
 ParOldGen       total 249856K, used 150558K [0x0000000080000000, 0x000000008f400000, 0x00000000d5580000)
  object space 249856K, 60% used [0x0000000080000000,0x0000000089307a98,0x000000008f400000)
 Metaspace       used 100226K, capacity 105530K, committed 105816K, reserved 1140736K
  class space    used 13388K, capacity 14427K, committed 14464K, reserved 1048576K
GC Heap History (10 events):
Event: 1584.732 GC heap before
{Heap before GC invocations=16 (full 3):
 PSYoungGen      total 407040K, used 404304K [0x00000000d5580000, 0x00000000f0800000, 0x0000000100000000)
  eden space 387584K, 100% used [0x00000000d5580000,0x00000000ed000000,0x00000000ed000000)
  from space 19456K, 85% used [0x00000000ef500000,0x00000000f0554088,0x00000000f0800000)
  to   space 28672K, 0% used [0x00000000ed000000,0x00000000ed000000,0x00000000eec00000)
 ParOldGen       total 81408K, used 58188K [0x0000000080000000, 0x0000000084f80000, 0x00000000d5580000)
  object space 81408K, 71% used [0x0000000080000000,0x00000000838d30c8,0x0000000084f80000)
 Metaspace       used 86646K, capacity 91114K, committed 91224K, reserved 1128448K
  class space    used 11452K, capacity 12392K, committed 12416K, reserved 1048576K
Event: 1587.488 GC heap after
Heap after GC invocations=16 (full 3):
 PSYoungGen      total 398848K, used 28670K [0x00000000d5580000, 0x00000000f0b00000, 0x0000000100000000)
  eden space 370176K, 0% used [0x00000000d5580000,0x00000000d5580000,0x00000000ebf00000)
  from space 28672K, 99% used [0x00000000ed000000,0x00000000eebff8d8,0x00000000eec00000)
  to   space 31744K, 0% used [0x00000000eec00000,0x00000000eec00000,0x00000000f0b00000)
 ParOldGen       total 81408K, used 73284K [0x0000000080000000, 0x0000000084f80000, 0x00000000d5580000)
  object space 81408K, 90% used [0x0000000080000000,0x0000000084791070,0x0000000084f80000)
 Metaspace       used 86646K, capacity 91114K, committed 91224K, reserved 1128448K
  class space    used 11452K, capacity 12392K, committed 12416K, reserved 1048576K
}
Event: 1587.488 GC heap before
{Heap before GC invocations=17 (full 4):
 PSYoungGen      total 398848K, used 28670K [0x00000000d5580000, 0x00000000f0b00000, 0x0000000100000000)
  eden space 370176K, 0% used [0x00000000d5580000,0x00000000d5580000,0x00000000ebf00000)
  from space 28672K, 99% used [0x00000000ed000000,0x00000000eebff8d8,0x00000000eec00000)
  to   space 31744K, 0% used [0x00000000eec00000,0x00000000eec00000,0x00000000f0b00000)
 ParOldGen       total 81408K, used 73284K [0x0000000080000000, 0x0000000084f80000, 0x00000000d5580000)
  object space 81408K, 90% used [0x0000000080000000,0x0000000084791070,0x0000000084f80000)
 Metaspace       used 86646K, capacity 91114K, committed 91224K, reserved 1128448K
  class space    used 11452K, capacity 12392K, committed 12416K, reserved 1048576K
Event: 1597.781 GC heap after
Heap after GC invocations=17 (full 4):
 PSYoungGen      total 398848K, used 0K [0x00000000d5580000, 0x00000000f0b00000, 0x0000000100000000)
  eden space 370176K, 0% used [0x00000000d5580000,0x00000000d5580000,0x00000000ebf00000)
  from space 28672K, 0% used [0x00000000ed000000,0x00000000ed000000,0x00000000eec00000)
  to   space 31744K, 0% used [0x00000000eec00000,0x00000000eec00000,0x00000000f0b00000)
 ParOldGen       total 144896K, used 80551K [0x0000000080000000, 0x0000000088d80000, 0x00000000d5580000)
  object space 144896K, 55% used [0x0000000080000000,0x0000000084ea9d08,0x0000000088d80000)
 Metaspace       used 86458K, capacity 90562K, committed 91224K, reserved 1128448K
  class space    used 11390K, capacity 12282K, committed 12416K, reserved 1048576K
}
Event: 1639.767 GC heap before
{Heap before GC invocations=18 (full 4):
 PSYoungGen      total 398848K, used 370176K [0x00000000d5580000, 0x00000000f0b00000, 0x0000000100000000)
  eden space 370176K, 100% used [0x00000000d5580000,0x00000000ebf00000,0x00000000ebf00000)
  from space 28672K, 0% used [0x00000000ed000000,0x00000000ed000000,0x00000000eec00000)
  to   space 31744K, 0% used [0x00000000eec00000,0x00000000eec00000,0x00000000f0b00000)
 ParOldGen       total 144896K, used 80551K [0x0000000080000000, 0x0000000088d80000, 0x00000000d5580000)
  object space 144896K, 55% used [0x0000000080000000,0x0000000084ea9d08,0x0000000088d80000)
 Metaspace       used 92869K, capacity 97200K, committed 97496K, reserved 1134592K
  class space    used 12238K, capacity 13172K, committed 13312K, reserved 1048576K
Event: 1640.168 GC heap after
Heap after GC invocations=18 (full 4):
 PSYoungGen      total 402432K, used 31727K [0x00000000d5580000, 0x00000000f7180000, 0x0000000100000000)
  eden space 370688K, 0% used [0x00000000d5580000,0x00000000d5580000,0x00000000ebf80000)
  from space 31744K, 99% used [0x00000000eec00000,0x00000000f0afbc18,0x00000000f0b00000)
  to   space 45568K, 0% used [0x00000000ebf80000,0x00000000ebf80000,0x00000000eec00000)
 ParOldGen       total 144896K, used 87739K [0x0000000080000000, 0x0000000088d80000, 0x00000000d5580000)
  object space 144896K, 60% used [0x0000000080000000,0x00000000855aefa0,0x0000000088d80000)
 Metaspace       used 92869K, capacity 97200K, committed 97496K, reserved 1134592K
  class space    used 12238K, capacity 13172K, committed 13312K, reserved 1048576K
}
Event: 1657.428 GC heap before
{Heap before GC invocations=19 (full 4):
 PSYoungGen      total 402432K, used 402415K [0x00000000d5580000, 0x00000000f7180000, 0x0000000100000000)
  eden space 370688K, 100% used [0x00000000d5580000,0x00000000ebf80000,0x00000000ebf80000)
  from space 31744K, 99% used [0x00000000eec00000,0x00000000f0afbc18,0x00000000f0b00000)
  to   space 45568K, 0% used [0x00000000ebf80000,0x00000000ebf80000,0x00000000eec00000)
 ParOldGen       total 144896K, used 87739K [0x0000000080000000, 0x0000000088d80000, 0x00000000d5580000)
  object space 144896K, 60% used [0x0000000080000000,0x00000000855aefa0,0x0000000088d80000)
 Metaspace       used 100179K, capacity 105544K, committed 105560K, reserved 1140736K
  class space    used 13400K, capacity 14448K, committed 14464K, reserved 1048576K
Event: 1657.823 GC heap after
Heap after GC invocations=19 (full 4):
 PSYoungGen      total 416256K, used 45556K [0x00000000d5580000, 0x00000000fc800000, 0x0000000100000000)
  eden space 370688K, 0% used [0x00000000d5580000,0x00000000d5580000,0x00000000ebf80000)
  from space 45568K, 99% used [0x00000000ebf80000,0x00000000eebfd148,0x00000000eec00000)
  to   space 76288K, 0% used [0x00000000f7d80000,0x00000000f7d80000,0x00000000fc800000)
 ParOldGen       total 151040K, used 150553K [0x0000000080000000, 0x0000000089380000, 0x00000000d5580000)
  object space 151040K, 99% used [0x0000000080000000,0x0000000089306480,0x0000000089380000)
 Metaspace       used 100179K, capacity 105544K, committed 105560K, reserved 1140736K
  class space    used 13400K, capacity 14448K, committed 14464K, reserved 1048576K
}
Event: 1657.823 GC heap before
{Heap before GC invocations=20 (full 5):
 PSYoungGen      total 416256K, used 45556K [0x00000000d5580000, 0x00000000fc800000, 0x0000000100000000)
  eden space 370688K, 0% used [0x00000000d5580000,0x00000000d5580000,0x00000000ebf80000)
  from space 45568K, 99% used [0x00000000ebf80000,0x00000000eebfd148,0x00000000eec00000)
  to   space 76288K, 0% used [0x00000000f7d80000,0x00000000f7d80000,0x00000000fc800000)
 ParOldGen       total 151040K, used 150553K [0x0000000080000000, 0x0000000089380000, 0x00000000d5580000)
  object space 151040K, 99% used [0x0000000080000000,0x0000000089306480,0x0000000089380000)
 Metaspace       used 100179K, capacity 105544K, committed 105560K, reserved 1140736K
  class space    used 13400K, capacity 14448K, committed 14464K, reserved 1048576K
Event: 1665.731 GC heap after
Heap after GC invocations=20 (full 5):
 PSYoungGen      total 416256K, used 11741K [0x00000000d5580000, 0x00000000fc800000, 0x0000000100000000)
  eden space 370688K, 0% used [0x00000000d5580000,0x00000000d5580000,0x00000000ebf80000)
  from space 45568K, 25% used [0x00000000ebf80000,0x00000000ecaf7780,0x00000000eec00000)
  to   space 76288K, 0% used [0x00000000f7d80000,0x00000000f7d80000,0x00000000fc800000)
 ParOldGen       total 249856K, used 150558K [0x0000000080000000, 0x000000008f400000, 0x00000000d5580000)
  object space 249856K, 60% used [0x0000000080000000,0x0000000089307a98,0x000000008f400000)
 Metaspace       used 100139K, capacity 105436K, committed 105560K, reserved 1140736K
  class space    used 13386K, capacity 14424K, committed 14464K, reserved 1048576K
}

