# JRE version: OpenJDK Runtime Environment (8.0_242-b01) (build 1.8.0_242-release-1644-b01)
# Java VM: OpenJDK 64-Bit Server VM (25.242-b01 mixed mode windows-amd64 compressed oops)
Heap:
 PSYoungGen      total 327168K, used 69684K [0x00000000d5580000, 0x00000000eb200000, 0x0000000100000000)
  eden space 307200K, 16% used [0x00000000d5580000,0x00000000d8817e28,0x00000000e8180000)
  from space 19968K, 89% used [0x00000000e9e80000,0x00000000eaff51f8,0x00000000eb200000)
  to   space 24576K, 0% used [0x00000000e8200000,0x00000000e8200000,0x00000000e9a00000)
 ParOldGen       total 105472K, used 100858K [0x0000000080000000, 0x0000000086700000, 0x00000000d5580000)
  object space 105472K, 95% used [0x0000000080000000,0x000000008627e918,0x0000000086700000)
 Metaspace       used 84235K, capacity 88470K, committed 88792K, reserved 1126400K
  class space    used 11628K, capacity 12433K, committed 12544K, reserved 1048576K
GC Heap History (10 events):
Event: 76.454 GC heap before
{Heap before GC invocations=16 (full 3):
 PSYoungGen      total 248320K, used 1312K [0x00000000d5580000, 0x00000000eb400000, 0x0000000100000000)
  eden space 226304K, 0% used [0x00000000d5580000,0x00000000d5580000,0x00000000e3280000)
  from space 22016K, 5% used [0x00000000e3280000,0x00000000e33c8000,0x00000000e4800000)
  to   space 22016K, 0% used [0x00000000e9e80000,0x00000000e9e80000,0x00000000eb400000)
 ParOldGen       total 49664K, used 39809K [0x0000000080000000, 0x0000000083080000, 0x00000000d5580000)
  object space 49664K, 80% used [0x0000000080000000,0x00000000826e05d0,0x0000000083080000)
 Metaspace       used 56517K, capacity 58818K, committed 58968K, reserved 1099776K
  class space    used 7714K, capacity 8193K, committed 8320K, reserved 1048576K
Event: 76.812 GC heap after
Heap after GC invocations=16 (full 3):
 PSYoungGen      total 248320K, used 0K [0x00000000d5580000, 0x00000000eb400000, 0x0000000100000000)
  eden space 226304K, 0% used [0x00000000d5580000,0x00000000d5580000,0x00000000e3280000)
  from space 22016K, 0% used [0x00000000e3280000,0x00000000e3280000,0x00000000e4800000)
  to   space 22016K, 0% used [0x00000000e9e80000,0x00000000e9e80000,0x00000000eb400000)
 ParOldGen       total 79872K, used 32142K [0x0000000080000000, 0x0000000084e00000, 0x00000000d5580000)
  object space 79872K, 40% used [0x0000000080000000,0x0000000081f63840,0x0000000084e00000)
 Metaspace       used 56496K, capacity 58746K, committed 58968K, reserved 1099776K
  class space    used 7707K, capacity 8181K, committed 8320K, reserved 1048576K
}
Event: 118.631 GC heap before
{Heap before GC invocations=17 (full 3):
 PSYoungGen      total 248320K, used 226304K [0x00000000d5580000, 0x00000000eb400000, 0x0000000100000000)
  eden space 226304K, 100% used [0x00000000d5580000,0x00000000e3280000,0x00000000e3280000)
  from space 22016K, 0% used [0x00000000e3280000,0x00000000e3280000,0x00000000e4800000)
  to   space 22016K, 0% used [0x00000000e9e80000,0x00000000e9e80000,0x00000000eb400000)
 ParOldGen       total 79872K, used 32142K [0x0000000080000000, 0x0000000084e00000, 0x00000000d5580000)
  object space 79872K, 40% used [0x0000000080000000,0x0000000081f63840,0x0000000084e00000)
 Metaspace       used 64554K, capacity 67634K, committed 67928K, reserved 1107968K
  class space    used 8890K, capacity 9494K, committed 9600K, reserved 1048576K
Event: 118.659 GC heap after
Heap after GC invocations=17 (full 3):
 PSYoungGen      total 327168K, used 19475K [0x00000000d5580000, 0x00000000eb200000, 0x0000000100000000)
  eden space 307200K, 0% used [0x00000000d5580000,0x00000000d5580000,0x00000000e8180000)
  from space 19968K, 97% used [0x00000000e9e80000,0x00000000eb184cd8,0x00000000eb200000)
  to   space 24576K, 0% used [0x00000000e8200000,0x00000000e8200000,0x00000000e9a00000)
 ParOldGen       total 79872K, used 32150K [0x0000000080000000, 0x0000000084e00000, 0x00000000d5580000)
  object space 79872K, 40% used [0x0000000080000000,0x0000000081f65840,0x0000000084e00000)
 Metaspace       used 64554K, capacity 67634K, committed 67928K, reserved 1107968K
  class space    used 8890K, capacity 9494K, committed 9600K, reserved 1048576K
}
Event: 343.152 GC heap before
{Heap before GC invocations=18 (full 3):
 PSYoungGen      total 327168K, used 326675K [0x00000000d5580000, 0x00000000eb200000, 0x0000000100000000)
  eden space 307200K, 100% used [0x00000000d5580000,0x00000000e8180000,0x00000000e8180000)
  from space 19968K, 97% used [0x00000000e9e80000,0x00000000eb184cd8,0x00000000eb200000)
  to   space 24576K, 0% used [0x00000000e8200000,0x00000000e8200000,0x00000000e9a00000)
 ParOldGen       total 79872K, used 32150K [0x0000000080000000, 0x0000000084e00000, 0x00000000d5580000)
  object space 79872K, 40% used [0x0000000080000000,0x0000000081f65840,0x0000000084e00000)
 Metaspace       used 75295K, capacity 78764K, committed 79064K, reserved 1118208K
  class space    used 10214K, capacity 10908K, committed 11008K, reserved 1048576K
Event: 348.964 GC heap after
Heap after GC invocations=18 (full 3):
 PSYoungGen      total 331776K, used 24557K [0x00000000d5580000, 0x00000000eb200000, 0x0000000100000000)
  eden space 307200K, 0% used [0x00000000d5580000,0x00000000d5580000,0x00000000e8180000)
  from space 24576K, 99% used [0x00000000e8200000,0x00000000e99fb728,0x00000000e9a00000)
  to   space 19968K, 0% used [0x00000000e9e80000,0x00000000e9e80000,0x00000000eb200000)
 ParOldGen       total 79872K, used 48534K [0x0000000080000000, 0x0000000084e00000, 0x00000000d5580000)
  object space 79872K, 60% used [0x0000000080000000,0x0000000082f65970,0x0000000084e00000)
 Metaspace       used 75295K, capacity 78764K, committed 79064K, reserved 1118208K
  class space    used 10214K, capacity 10908K, committed 11008K, reserved 1048576K
}
Event: 409.245 GC heap before
{Heap before GC invocations=19 (full 3):
 PSYoungGen      total 331776K, used 331757K [0x00000000d5580000, 0x00000000eb200000, 0x0000000100000000)
  eden space 307200K, 100% used [0x00000000d5580000,0x00000000e8180000,0x00000000e8180000)
  from space 24576K, 99% used [0x00000000e8200000,0x00000000e99fb728,0x00000000e9a00000)
  to   space 19968K, 0% used [0x00000000e9e80000,0x00000000e9e80000,0x00000000eb200000)
 ParOldGen       total 79872K, used 48534K [0x0000000080000000, 0x0000000084e00000, 0x00000000d5580000)
  object space 79872K, 60% used [0x0000000080000000,0x0000000082f65970,0x0000000084e00000)
 Metaspace       used 84252K, capacity 88616K, committed 88792K, reserved 1126400K
  class space    used 11652K, capacity 12478K, committed 12544K, reserved 1048576K
Event: 416.582 GC heap after
Heap after GC invocations=19 (full 3):
 PSYoungGen      total 327168K, used 19942K [0x00000000d5580000, 0x00000000eb200000, 0x0000000100000000)
  eden space 307200K, 0% used [0x00000000d5580000,0x00000000d5580000,0x00000000e8180000)
  from space 19968K, 99% used [0x00000000e9e80000,0x00000000eb1f9bd0,0x00000000eb200000)
  to   space 24576K, 0% used [0x00000000e8200000,0x00000000e8200000,0x00000000e9a00000)
 ParOldGen       total 105472K, used 104230K [0x0000000080000000, 0x0000000086700000, 0x00000000d5580000)
  object space 105472K, 98% used [0x0000000080000000,0x00000000865c98c0,0x0000000086700000)
 Metaspace       used 84252K, capacity 88616K, committed 88792K, reserved 1126400K
  class space    used 11652K, capacity 12478K, committed 12544K, reserved 1048576K
}
Event: 416.689 GC heap before
{Heap before GC invocations=20 (full 4):
 PSYoungGen      total 327168K, used 19942K [0x00000000d5580000, 0x00000000eb200000, 0x0000000100000000)
  eden space 307200K, 0% used [0x00000000d5580000,0x00000000d5580000,0x00000000e8180000)
  from space 19968K, 99% used [0x00000000e9e80000,0x00000000eb1f9bd0,0x00000000eb200000)
  to   space 24576K, 0% used [0x00000000e8200000,0x00000000e8200000,0x00000000e9a00000)
 ParOldGen       total 105472K, used 104230K [0x0000000080000000, 0x0000000086700000, 0x00000000d5580000)
  object space 105472K, 98% used [0x0000000080000000,0x00000000865c98c0,0x0000000086700000)
 Metaspace       used 84252K, capacity 88616K, committed 88792K, reserved 1126400K
  class space    used 11652K, capacity 12478K, committed 12544K, reserved 1048576K
Event: 513.134 GC heap after
Heap after GC invocations=20 (full 4):
 PSYoungGen      total 327168K, used 17876K [0x00000000d5580000, 0x00000000eb200000, 0x0000000100000000)
  eden space 307200K, 0% used [0x00000000d5580000,0x00000000d5580000,0x00000000e8180000)
  from space 19968K, 89% used [0x00000000e9e80000,0x00000000eaff51f8,0x00000000eb200000)
  to   space 24576K, 0% used [0x00000000e8200000,0x00000000e8200000,0x00000000e9a00000)
 ParOldGen       total 105472K, used 100858K [0x0000000080000000, 0x0000000086700000, 0x00000000d5580000)
  object space 105472K, 95% used [0x0000000080000000,0x000000008627e918,0x0000000086700000)
 Metaspace       used 84174K, capacity 88398K, committed 88792K, reserved 1126400K
  class space    used 11627K, capacity 12433K, committed 12544K, reserved 1048576K
}

