# JRE version: OpenJDK Runtime Environment (8.0_242-b01) (build 1.8.0_242-release-1644-b01)
# Java VM: OpenJDK 64-Bit Server VM (25.242-b01 mixed mode windows-amd64 compressed oops)
Heap:
 PSYoungGen      total 157184K, used 103936K [0x00000000d5580000, 0x00000000e2f00000, 0x0000000100000000)
  eden space 103936K, 100% used [0x00000000d5580000,0x00000000dbb00000,0x00000000dbb00000)
  from space 53248K, 0% used [0x00000000dbb00000,0x00000000dbb00000,0x00000000def00000)
  to   space 47104K, 0% used [0x00000000def00000,0x00000000def00000,0x00000000e1d00000)
 ParOldGen       total 86016K, used 80631K [0x0000000080000000, 0x0000000085400000, 0x00000000d5580000)
  object space 86016K, 93% used [0x0000000080000000,0x0000000084ebde70,0x0000000085400000)
 Metaspace       used 86579K, capacity 90783K, committed 90840K, reserved 1128448K
  class space    used 11712K, capacity 12538K, committed 12544K, reserved 1048576K
GC Heap History (10 events):
Event: 176.152 GC heap before
{Heap before GC invocations=34 (full 3):
 PSYoungGen      total 133632K, used 127978K [0x00000000d5580000, 0x00000000e0580000, 0x0000000100000000)
  eden space 98304K, 100% used [0x00000000d5580000,0x00000000db580000,0x00000000db580000)
  from space 35328K, 83% used [0x00000000ddc00000,0x00000000df8faaf8,0x00000000dfe80000)
  to   space 39424K, 0% used [0x00000000db580000,0x00000000db580000,0x00000000ddc00000)
 ParOldGen       total 86016K, used 54612K [0x0000000080000000, 0x0000000085400000, 0x00000000d5580000)
  object space 86016K, 63% used [0x0000000080000000,0x0000000083555280,0x0000000085400000)
 Metaspace       used 76699K, capacity 80007K, committed 80088K, reserved 1118208K
  class space    used 10325K, capacity 10980K, committed 11008K, reserved 1048576K
Event: 176.242 GC heap after
Heap after GC invocations=34 (full 3):
 PSYoungGen      total 137728K, used 39394K [0x00000000d5580000, 0x00000000e1d00000, 0x0000000100000000)
  eden space 98304K, 0% used [0x00000000d5580000,0x00000000d5580000,0x00000000db580000)
  from space 39424K, 99% used [0x00000000db580000,0x00000000ddbf8ba8,0x00000000ddc00000)
  to   space 47104K, 0% used [0x00000000def00000,0x00000000def00000,0x00000000e1d00000)
 ParOldGen       total 86016K, used 58221K [0x0000000080000000, 0x0000000085400000, 0x00000000d5580000)
  object space 86016K, 67% used [0x0000000080000000,0x00000000838db620,0x0000000085400000)
 Metaspace       used 76699K, capacity 80007K, committed 80088K, reserved 1118208K
  class space    used 10325K, capacity 10980K, committed 11008K, reserved 1048576K
}
Event: 181.117 GC heap before
{Heap before GC invocations=35 (full 3):
 PSYoungGen      total 137728K, used 137698K [0x00000000d5580000, 0x00000000e1d00000, 0x0000000100000000)
  eden space 98304K, 100% used [0x00000000d5580000,0x00000000db580000,0x00000000db580000)
  from space 39424K, 99% used [0x00000000db580000,0x00000000ddbf8ba8,0x00000000ddc00000)
  to   space 47104K, 0% used [0x00000000def00000,0x00000000def00000,0x00000000e1d00000)
 ParOldGen       total 86016K, used 58221K [0x0000000080000000, 0x0000000085400000, 0x00000000d5580000)
  object space 86016K, 67% used [0x0000000080000000,0x00000000838db620,0x0000000085400000)
 Metaspace       used 78863K, capacity 82335K, committed 82648K, reserved 1120256K
  class space    used 10536K, capacity 11190K, committed 11264K, reserved 1048576K
Event: 181.351 GC heap after
Heap after GC invocations=35 (full 3):
 PSYoungGen      total 151040K, used 41837K [0x00000000d5580000, 0x00000000e2f00000, 0x0000000100000000)
  eden space 103936K, 0% used [0x00000000d5580000,0x00000000d5580000,0x00000000dbb00000)
  from space 47104K, 88% used [0x00000000def00000,0x00000000e17db508,0x00000000e1d00000)
  to   space 53248K, 0% used [0x00000000dbb00000,0x00000000dbb00000,0x00000000def00000)
 ParOldGen       total 86016K, used 67035K [0x0000000080000000, 0x0000000085400000, 0x00000000d5580000)
  object space 86016K, 77% used [0x0000000080000000,0x0000000084176d90,0x0000000085400000)
 Metaspace       used 78863K, capacity 82335K, committed 82648K, reserved 1120256K
  class space    used 10536K, capacity 11190K, committed 11264K, reserved 1048576K
}
Event: 182.070 GC heap before
{Heap before GC invocations=36 (full 3):
 PSYoungGen      total 151040K, used 145773K [0x00000000d5580000, 0x00000000e2f00000, 0x0000000100000000)
  eden space 103936K, 100% used [0x00000000d5580000,0x00000000dbb00000,0x00000000dbb00000)
  from space 47104K, 88% used [0x00000000def00000,0x00000000e17db508,0x00000000e1d00000)
  to   space 53248K, 0% used [0x00000000dbb00000,0x00000000dbb00000,0x00000000def00000)
 ParOldGen       total 86016K, used 67035K [0x0000000080000000, 0x0000000085400000, 0x00000000d5580000)
  object space 86016K, 77% used [0x0000000080000000,0x0000000084176d90,0x0000000085400000)
 Metaspace       used 78864K, capacity 82335K, committed 82648K, reserved 1120256K
  class space    used 10536K, capacity 11190K, committed 11264K, reserved 1048576K
Event: 182.145 GC heap after
Heap after GC invocations=36 (full 3):
 PSYoungGen      total 157184K, used 39741K [0x00000000d5580000, 0x00000000e2f00000, 0x0000000100000000)
  eden space 103936K, 0% used [0x00000000d5580000,0x00000000d5580000,0x00000000dbb00000)
  from space 53248K, 74% used [0x00000000dbb00000,0x00000000de1cf520,0x00000000def00000)
  to   space 47104K, 0% used [0x00000000def00000,0x00000000def00000,0x00000000e1d00000)
 ParOldGen       total 86016K, used 75092K [0x0000000080000000, 0x0000000085400000, 0x00000000d5580000)
  object space 86016K, 87% used [0x0000000080000000,0x0000000084955348,0x0000000085400000)
 Metaspace       used 78864K, capacity 82335K, committed 82648K, reserved 1120256K
  class space    used 10536K, capacity 11190K, committed 11264K, reserved 1048576K
}
Event: 182.145 GC heap before
{Heap before GC invocations=37 (full 4):
 PSYoungGen      total 157184K, used 39741K [0x00000000d5580000, 0x00000000e2f00000, 0x0000000100000000)
  eden space 103936K, 0% used [0x00000000d5580000,0x00000000d5580000,0x00000000dbb00000)
  from space 53248K, 74% used [0x00000000dbb00000,0x00000000de1cf520,0x00000000def00000)
  to   space 47104K, 0% used [0x00000000def00000,0x00000000def00000,0x00000000e1d00000)
 ParOldGen       total 86016K, used 75092K [0x0000000080000000, 0x0000000085400000, 0x00000000d5580000)
  object space 86016K, 87% used [0x0000000080000000,0x0000000084955348,0x0000000085400000)
 Metaspace       used 78864K, capacity 82335K, committed 82648K, reserved 1120256K
  class space    used 10536K, capacity 11190K, committed 11264K, reserved 1048576K
Event: 182.768 GC heap after
Heap after GC invocations=37 (full 4):
 PSYoungGen      total 157184K, used 0K [0x00000000d5580000, 0x00000000e2f00000, 0x0000000100000000)
  eden space 103936K, 0% used [0x00000000d5580000,0x00000000d5580000,0x00000000dbb00000)
  from space 53248K, 0% used [0x00000000dbb00000,0x00000000dbb00000,0x00000000def00000)
  to   space 47104K, 0% used [0x00000000def00000,0x00000000def00000,0x00000000e1d00000)
 ParOldGen       total 86016K, used 78579K [0x0000000080000000, 0x0000000085400000, 0x00000000d5580000)
  object space 86016K, 91% used [0x0000000080000000,0x0000000084cbcd40,0x0000000085400000)
 Metaspace       used 78820K, capacity 82213K, committed 82648K, reserved 1120256K
  class space    used 10523K, capacity 11167K, committed 11264K, reserved 1048576K
}
Event: 184.572 GC heap before
{Heap before GC invocations=38 (full 5):
 PSYoungGen      total 157184K, used 103936K [0x00000000d5580000, 0x00000000e2f00000, 0x0000000100000000)
  eden space 103936K, 100% used [0x00000000d5580000,0x00000000dbb00000,0x00000000dbb00000)
  from space 53248K, 0% used [0x00000000dbb00000,0x00000000dbb00000,0x00000000def00000)
  to   space 47104K, 0% used [0x00000000def00000,0x00000000def00000,0x00000000e1d00000)
 ParOldGen       total 86016K, used 78579K [0x0000000080000000, 0x0000000085400000, 0x00000000d5580000)
  object space 86016K, 91% used [0x0000000080000000,0x0000000084cbcd40,0x0000000085400000)
 Metaspace       used 79093K, capacity 82455K, committed 82904K, reserved 1120256K
  class space    used 10571K, capacity 11202K, committed 11264K, reserved 1048576K
Event: 184.832 GC heap after
Heap after GC invocations=38 (full 5):
 PSYoungGen      total 157184K, used 0K [0x00000000d5580000, 0x00000000e2f00000, 0x0000000100000000)
  eden space 103936K, 0% used [0x00000000d5580000,0x00000000d5580000,0x00000000dbb00000)
  from space 53248K, 0% used [0x00000000dbb00000,0x00000000dbb00000,0x00000000def00000)
  to   space 47104K, 0% used [0x00000000def00000,0x00000000def00000,0x00000000e1d00000)
 ParOldGen       total 86016K, used 80631K [0x0000000080000000, 0x0000000085400000, 0x00000000d5580000)
  object space 86016K, 93% used [0x0000000080000000,0x0000000084ebde70,0x0000000085400000)
 Metaspace       used 79093K, capacity 82455K, committed 82904K, reserved 1120256K
  class space    used 10571K, capacity 11202K, committed 11264K, reserved 1048576K
}

