# JRE version: OpenJDK Runtime Environment (8.0_242-b01) (build 1.8.0_242-release-1644-b01)
# Java VM: OpenJDK 64-Bit Server VM (25.242-b01 mixed mode windows-amd64 compressed oops)
Heap:
 PSYoungGen      total 98304K, used 18301K [0x00000000d5580000, 0x00000000dc080000, 0x0000000100000000)
  eden space 87040K, 21% used [0x00000000d5580000,0x00000000d675f680,0x00000000daa80000)
  from space 11264K, 0% used [0x00000000daa80000,0x00000000daa80000,0x00000000db580000)
  to   space 10240K, 0% used [0x00000000db680000,0x00000000db680000,0x00000000dc080000)
 ParOldGen       total 50688K, used 14492K [0x0000000080000000, 0x0000000083180000, 0x00000000d5580000)
  object space 50688K, 28% used [0x0000000080000000,0x0000000080e27048,0x0000000083180000)
 Metaspace       used 35074K, capacity 36290K, committed 36568K, reserved 1081344K
  class space    used 4827K, capacity 5098K, committed 5120K, reserved 1048576K
GC Heap History (10 events):
Event: 13.573 GC heap before
{Heap before GC invocations=9 (full 1):
 PSYoungGen      total 70656K, used 3616K [0x00000000d5580000, 0x00000000da380000, 0x0000000100000000)
  eden space 64512K, 0% used [0x00000000d5580000,0x00000000d5580000,0x00000000d9480000)
  from space 6144K, 58% used [0x00000000d9b80000,0x00000000d9f08030,0x00000000da180000)
  to   space 7168K, 0% used [0x00000000d9480000,0x00000000d9480000,0x00000000d9b80000)
 ParOldGen       total 44032K, used 8407K [0x0000000080000000, 0x0000000082b00000, 0x00000000d5580000)
  object space 44032K, 19% used [0x0000000080000000,0x0000000080835f50,0x0000000082b00000)
 Metaspace       used 20491K, capacity 21204K, committed 21248K, reserved 1067008K
  class space    used 2858K, capacity 3048K, committed 3072K, reserved 1048576K
Event: 13.773 GC heap after
Heap after GC invocations=9 (full 1):
 PSYoungGen      total 70656K, used 0K [0x00000000d5580000, 0x00000000da380000, 0x0000000100000000)
  eden space 64512K, 0% used [0x00000000d5580000,0x00000000d5580000,0x00000000d9480000)
  from space 6144K, 0% used [0x00000000d9b80000,0x00000000d9b80000,0x00000000da180000)
  to   space 7168K, 0% used [0x00000000d9480000,0x00000000d9480000,0x00000000d9b80000)
 ParOldGen       total 32256K, used 6711K [0x0000000080000000, 0x0000000081f80000, 0x00000000d5580000)
  object space 32256K, 20% used [0x0000000080000000,0x000000008068dd90,0x0000000081f80000)
 Metaspace       used 20491K, capacity 21204K, committed 21248K, reserved 1067008K
  class space    used 2858K, capacity 3048K, committed 3072K, reserved 1048576K
}
Event: 17.001 GC heap before
{Heap before GC invocations=10 (full 1):
 PSYoungGen      total 70656K, used 64512K [0x00000000d5580000, 0x00000000da380000, 0x0000000100000000)
  eden space 64512K, 100% used [0x00000000d5580000,0x00000000d9480000,0x00000000d9480000)
  from space 6144K, 0% used [0x00000000d9b80000,0x00000000d9b80000,0x00000000da180000)
  to   space 7168K, 0% used [0x00000000d9480000,0x00000000d9480000,0x00000000d9b80000)
 ParOldGen       total 32256K, used 6711K [0x0000000080000000, 0x0000000081f80000, 0x00000000d5580000)
  object space 32256K, 20% used [0x0000000080000000,0x000000008068dd90,0x0000000081f80000)
 Metaspace       used 28360K, capacity 29236K, committed 29568K, reserved 1075200K
  class space    used 3907K, capacity 4142K, committed 4224K, reserved 1048576K
Event: 17.018 GC heap after
Heap after GC invocations=10 (full 1):
 PSYoungGen      total 71680K, used 7166K [0x00000000d5580000, 0x00000000dc080000, 0x0000000100000000)
  eden space 64512K, 0% used [0x00000000d5580000,0x00000000d5580000,0x00000000d9480000)
  from space 7168K, 99% used [0x00000000d9480000,0x00000000d9b7f890,0x00000000d9b80000)
  to   space 10240K, 0% used [0x00000000db680000,0x00000000db680000,0x00000000dc080000)
 ParOldGen       total 32256K, used 7574K [0x0000000080000000, 0x0000000081f80000, 0x00000000d5580000)
  object space 32256K, 23% used [0x0000000080000000,0x0000000080765980,0x0000000081f80000)
 Metaspace       used 28360K, capacity 29236K, committed 29568K, reserved 1075200K
  class space    used 3907K, capacity 4142K, committed 4224K, reserved 1048576K
}
Event: 19.958 GC heap before
{Heap before GC invocations=11 (full 1):
 PSYoungGen      total 71680K, used 71678K [0x00000000d5580000, 0x00000000dc080000, 0x0000000100000000)
  eden space 64512K, 100% used [0x00000000d5580000,0x00000000d9480000,0x00000000d9480000)
  from space 7168K, 99% used [0x00000000d9480000,0x00000000d9b7f890,0x00000000d9b80000)
  to   space 10240K, 0% used [0x00000000db680000,0x00000000db680000,0x00000000dc080000)
 ParOldGen       total 32256K, used 7574K [0x0000000080000000, 0x0000000081f80000, 0x00000000d5580000)
  object space 32256K, 23% used [0x0000000080000000,0x0000000080765980,0x0000000081f80000)
 Metaspace       used 32721K, capacity 33776K, committed 33920K, reserved 1079296K
  class space    used 4459K, capacity 4722K, committed 4736K, reserved 1048576K
Event: 19.975 GC heap after
Heap after GC invocations=11 (full 1):
 PSYoungGen      total 97280K, used 9311K [0x00000000d5580000, 0x00000000dc080000, 0x0000000100000000)
  eden space 87040K, 0% used [0x00000000d5580000,0x00000000d5580000,0x00000000daa80000)
  from space 10240K, 90% used [0x00000000db680000,0x00000000dbf97fd8,0x00000000dc080000)
  to   space 11264K, 0% used [0x00000000daa80000,0x00000000daa80000,0x00000000db580000)
 ParOldGen       total 32256K, used 7582K [0x0000000080000000, 0x0000000081f80000, 0x00000000d5580000)
  object space 32256K, 23% used [0x0000000080000000,0x0000000080767980,0x0000000081f80000)
 Metaspace       used 32721K, capacity 33776K, committed 33920K, reserved 1079296K
  class space    used 4459K, capacity 4722K, committed 4736K, reserved 1048576K
}
Event: 20.489 GC heap before
{Heap before GC invocations=12 (full 1):
 PSYoungGen      total 97280K, used 40055K [0x00000000d5580000, 0x00000000dc080000, 0x0000000100000000)
  eden space 87040K, 35% used [0x00000000d5580000,0x00000000d7385d10,0x00000000daa80000)
  from space 10240K, 90% used [0x00000000db680000,0x00000000dbf97fd8,0x00000000dc080000)
  to   space 11264K, 0% used [0x00000000daa80000,0x00000000daa80000,0x00000000db580000)
 ParOldGen       total 32256K, used 7582K [0x0000000080000000, 0x0000000081f80000, 0x00000000d5580000)
  object space 32256K, 23% used [0x0000000080000000,0x0000000080767980,0x0000000081f80000)
 Metaspace       used 34211K, capacity 35392K, committed 35416K, reserved 1079296K
  class space    used 4707K, capacity 4973K, committed 4992K, reserved 1048576K
Event: 20.504 GC heap after
Heap after GC invocations=12 (full 1):
 PSYoungGen      total 98304K, used 2059K [0x00000000d5580000, 0x00000000dc080000, 0x0000000100000000)
  eden space 87040K, 0% used [0x00000000d5580000,0x00000000d5580000,0x00000000daa80000)
  from space 11264K, 18% used [0x00000000daa80000,0x00000000dac82fe8,0x00000000db580000)
  to   space 10240K, 0% used [0x00000000db680000,0x00000000db680000,0x00000000dc080000)
 ParOldGen       total 32256K, used 13596K [0x0000000080000000, 0x0000000081f80000, 0x00000000d5580000)
  object space 32256K, 42% used [0x0000000080000000,0x0000000080d47300,0x0000000081f80000)
 Metaspace       used 34211K, capacity 35392K, committed 35416K, reserved 1079296K
  class space    used 4707K, capacity 4973K, committed 4992K, reserved 1048576K
}
Event: 20.504 GC heap before
{Heap before GC invocations=13 (full 2):
 PSYoungGen      total 98304K, used 2059K [0x00000000d5580000, 0x00000000dc080000, 0x0000000100000000)
  eden space 87040K, 0% used [0x00000000d5580000,0x00000000d5580000,0x00000000daa80000)
  from space 11264K, 18% used [0x00000000daa80000,0x00000000dac82fe8,0x00000000db580000)
  to   space 10240K, 0% used [0x00000000db680000,0x00000000db680000,0x00000000dc080000)
 ParOldGen       total 32256K, used 13596K [0x0000000080000000, 0x0000000081f80000, 0x00000000d5580000)
  object space 32256K, 42% used [0x0000000080000000,0x0000000080d47300,0x0000000081f80000)
 Metaspace       used 34211K, capacity 35392K, committed 35416K, reserved 1079296K
  class space    used 4707K, capacity 4973K, committed 4992K, reserved 1048576K
Event: 20.609 GC heap after
Heap after GC invocations=13 (full 2):
 PSYoungGen      total 98304K, used 0K [0x00000000d5580000, 0x00000000dc080000, 0x0000000100000000)
  eden space 87040K, 0% used [0x00000000d5580000,0x00000000d5580000,0x00000000daa80000)
  from space 11264K, 0% used [0x00000000daa80000,0x00000000daa80000,0x00000000db580000)
  to   space 10240K, 0% used [0x00000000db680000,0x00000000db680000,0x00000000dc080000)
 ParOldGen       total 50688K, used 14492K [0x0000000080000000, 0x0000000083180000, 0x00000000d5580000)
  object space 50688K, 28% used [0x0000000080000000,0x0000000080e27048,0x0000000083180000)
 Metaspace       used 34211K, capacity 35392K, committed 35416K, reserved 1079296K
  class space    used 4707K, capacity 4973K, committed 4992K, reserved 1048576K
}

