# JRE version: OpenJDK Runtime Environment (8.0_242-b01) (build 1.8.0_242-release-1644-b01)
# Java VM: OpenJDK 64-Bit Server VM (25.242-b01 mixed mode windows-amd64 compressed oops)
Heap:
 PSYoungGen      total 530944K, used 417933K [0x00000000d5580000, 0x00000000fec00000, 0x0000000100000000)
  eden space 447488K, 88% used [0x00000000d5580000,0x00000000eda2cd98,0x00000000f0a80000)
  from space 83456K, 23% used [0x00000000f0a80000,0x00000000f1df6710,0x00000000f5c00000)
  to   space 79360K, 0% used [0x00000000f9e80000,0x00000000f9e80000,0x00000000fec00000)
 ParOldGen       total 198656K, used 88955K [0x0000000080000000, 0x000000008c200000, 0x00000000d5580000)
  object space 198656K, 44% used [0x0000000080000000,0x00000000856def48,0x000000008c200000)
 Metaspace       used 118008K, capacity 124016K, committed 124120K, reserved 1157120K
  class space    used 15919K, capacity 17088K, committed 17152K, reserved 1048576K
GC Heap History (10 events):
Event: 115.485 GC heap before
{Heap before GC invocations=20 (full 4):
 PSYoungGen      total 420864K, used 37863K [0x00000000d5580000, 0x00000000f4e80000, 0x0000000100000000)
  eden space 382976K, 0% used [0x00000000d5580000,0x00000000d5580000,0x00000000ecb80000)
  from space 37888K, 99% used [0x00000000f0500000,0x00000000f29f9db0,0x00000000f2a00000)
  to   space 58880K, 0% used [0x00000000ecb80000,0x00000000ecb80000,0x00000000f0500000)
 ParOldGen       total 94720K, used 94292K [0x0000000080000000, 0x0000000085c80000, 0x00000000d5580000)
  object space 94720K, 99% used [0x0000000080000000,0x0000000085c15018,0x0000000085c80000)
 Metaspace       used 80297K, capacity 84688K, committed 84952K, reserved 1122304K
  class space    used 11130K, capacity 11942K, committed 12032K, reserved 1048576K
Event: 116.625 GC heap after
Heap after GC invocations=20 (full 4):
 PSYoungGen      total 420864K, used 34084K [0x00000000d5580000, 0x00000000f4e80000, 0x0000000100000000)
  eden space 382976K, 0% used [0x00000000d5580000,0x00000000d5580000,0x00000000ecb80000)
  from space 37888K, 89% used [0x00000000f0500000,0x00000000f2649068,0x00000000f2a00000)
  to   space 58880K, 0% used [0x00000000ecb80000,0x00000000ecb80000,0x00000000f0500000)
 ParOldGen       total 165376K, used 88110K [0x0000000080000000, 0x000000008a180000, 0x00000000d5580000)
  object space 165376K, 53% used [0x0000000080000000,0x000000008560b800,0x000000008a180000)
 Metaspace       used 80187K, capacity 84376K, committed 84952K, reserved 1122304K
  class space    used 11095K, capacity 11880K, committed 12032K, reserved 1048576K
}
Event: 121.449 GC heap before
{Heap before GC invocations=21 (full 4):
 PSYoungGen      total 420864K, used 417060K [0x00000000d5580000, 0x00000000f4e80000, 0x0000000100000000)
  eden space 382976K, 100% used [0x00000000d5580000,0x00000000ecb80000,0x00000000ecb80000)
  from space 37888K, 89% used [0x00000000f0500000,0x00000000f2649068,0x00000000f2a00000)
  to   space 58880K, 0% used [0x00000000ecb80000,0x00000000ecb80000,0x00000000f0500000)
 ParOldGen       total 165376K, used 88110K [0x0000000080000000, 0x000000008a180000, 0x00000000d5580000)
  object space 165376K, 53% used [0x0000000080000000,0x000000008560b800,0x000000008a180000)
 Metaspace       used 84124K, capacity 88416K, committed 88792K, reserved 1126400K
  class space    used 11598K, capacity 12412K, committed 12544K, reserved 1048576K
Event: 121.595 GC heap after
Heap after GC invocations=21 (full 4):
 PSYoungGen      total 441856K, used 58873K [0x00000000d5580000, 0x00000000fb500000, 0x0000000100000000)
  eden space 382976K, 0% used [0x00000000d5580000,0x00000000d5580000,0x00000000ecb80000)
  from space 58880K, 99% used [0x00000000ecb80000,0x00000000f04fe588,0x00000000f0500000)
  to   space 82432K, 0% used [0x00000000f6480000,0x00000000f6480000,0x00000000fb500000)
 ParOldGen       total 165376K, used 122486K [0x0000000080000000, 0x000000008a180000, 0x00000000d5580000)
  object space 165376K, 74% used [0x0000000080000000,0x000000008779dad0,0x000000008a180000)
 Metaspace       used 84124K, capacity 88416K, committed 88792K, reserved 1126400K
  class space    used 11598K, capacity 12412K, committed 12544K, reserved 1048576K
}
Event: 3364.904 GC heap before
{Heap before GC invocations=22 (full 4):
 PSYoungGen      total 441856K, used 441849K [0x00000000d5580000, 0x00000000fb500000, 0x0000000100000000)
  eden space 382976K, 100% used [0x00000000d5580000,0x00000000ecb80000,0x00000000ecb80000)
  from space 58880K, 99% used [0x00000000ecb80000,0x00000000f04fe588,0x00000000f0500000)
  to   space 82432K, 0% used [0x00000000f6480000,0x00000000f6480000,0x00000000fb500000)
 ParOldGen       total 165376K, used 122486K [0x0000000080000000, 0x000000008a180000, 0x00000000d5580000)
  object space 165376K, 74% used [0x0000000080000000,0x000000008779dad0,0x000000008a180000)
 Metaspace       used 104971K, capacity 110026K, committed 110168K, reserved 1144832K
  class space    used 14252K, capacity 15227K, committed 15232K, reserved 1048576K
Event: 3368.754 GC heap after
Heap after GC invocations=22 (full 4):
 PSYoungGen      total 522240K, used 43860K [0x00000000d5580000, 0x00000000fad80000, 0x0000000100000000)
  eden space 447488K, 0% used [0x00000000d5580000,0x00000000d5580000,0x00000000f0a80000)
  from space 74752K, 58% used [0x00000000f6480000,0x00000000f8f550f8,0x00000000fad80000)
  to   space 83456K, 0% used [0x00000000f0a80000,0x00000000f0a80000,0x00000000f5c00000)
 ParOldGen       total 178688K, used 178536K [0x0000000080000000, 0x000000008ae80000, 0x00000000d5580000)
  object space 178688K, 99% used [0x0000000080000000,0x000000008ae5a218,0x000000008ae80000)
 Metaspace       used 104971K, capacity 110026K, committed 110168K, reserved 1144832K
  class space    used 14252K, capacity 15227K, committed 15232K, reserved 1048576K
}
Event: 3368.937 GC heap before
{Heap before GC invocations=23 (full 5):
 PSYoungGen      total 522240K, used 43860K [0x00000000d5580000, 0x00000000fad80000, 0x0000000100000000)
  eden space 447488K, 0% used [0x00000000d5580000,0x00000000d5580000,0x00000000f0a80000)
  from space 74752K, 58% used [0x00000000f6480000,0x00000000f8f550f8,0x00000000fad80000)
  to   space 83456K, 0% used [0x00000000f0a80000,0x00000000f0a80000,0x00000000f5c00000)
 ParOldGen       total 178688K, used 178536K [0x0000000080000000, 0x000000008ae80000, 0x00000000d5580000)
  object space 178688K, 99% used [0x0000000080000000,0x000000008ae5a218,0x000000008ae80000)
 Metaspace       used 104971K, capacity 110026K, committed 110168K, reserved 1144832K
  class space    used 14252K, capacity 15227K, committed 15232K, reserved 1048576K
Event: 3386.343 GC heap after
Heap after GC invocations=23 (full 5):
 PSYoungGen      total 522240K, used 0K [0x00000000d5580000, 0x00000000fad80000, 0x0000000100000000)
  eden space 447488K, 0% used [0x00000000d5580000,0x00000000d5580000,0x00000000f0a80000)
  from space 74752K, 0% used [0x00000000f6480000,0x00000000f6480000,0x00000000fad80000)
  to   space 83456K, 0% used [0x00000000f0a80000,0x00000000f0a80000,0x00000000f5c00000)
 ParOldGen       total 198656K, used 88947K [0x0000000080000000, 0x000000008c200000, 0x00000000d5580000)
  object space 198656K, 44% used [0x0000000080000000,0x00000000856dcf48,0x000000008c200000)
 Metaspace       used 104126K, capacity 108488K, committed 110168K, reserved 1144832K
  class space    used 14076K, capacity 14902K, committed 15232K, reserved 1048576K
}
Event: 3461.766 GC heap before
{Heap before GC invocations=24 (full 5):
 PSYoungGen      total 522240K, used 447488K [0x00000000d5580000, 0x00000000fad80000, 0x0000000100000000)
  eden space 447488K, 100% used [0x00000000d5580000,0x00000000f0a80000,0x00000000f0a80000)
  from space 74752K, 0% used [0x00000000f6480000,0x00000000f6480000,0x00000000fad80000)
  to   space 83456K, 0% used [0x00000000f0a80000,0x00000000f0a80000,0x00000000f5c00000)
 ParOldGen       total 198656K, used 88947K [0x0000000080000000, 0x000000008c200000, 0x00000000d5580000)
  object space 198656K, 44% used [0x0000000080000000,0x00000000856dcf48,0x000000008c200000)
 Metaspace       used 108580K, capacity 113148K, committed 114136K, reserved 1148928K
  class space    used 14496K, capacity 15384K, committed 15616K, reserved 1048576K
Event: 3461.871 GC heap after
Heap after GC invocations=24 (full 5):
 PSYoungGen      total 530944K, used 19929K [0x00000000d5580000, 0x00000000fec00000, 0x0000000100000000)
  eden space 447488K, 0% used [0x00000000d5580000,0x00000000d5580000,0x00000000f0a80000)
  from space 83456K, 23% used [0x00000000f0a80000,0x00000000f1df6710,0x00000000f5c00000)
  to   space 79360K, 0% used [0x00000000f9e80000,0x00000000f9e80000,0x00000000fec00000)
 ParOldGen       total 198656K, used 88955K [0x0000000080000000, 0x000000008c200000, 0x00000000d5580000)
  object space 198656K, 44% used [0x0000000080000000,0x00000000856def48,0x000000008c200000)
 Metaspace       used 108580K, capacity 113148K, committed 114136K, reserved 1148928K
  class space    used 14496K, capacity 15384K, committed 15616K, reserved 1048576K
}

